INFO:sim:172 - Generating IP...
Resolving generics for 'FIFO1'...
Applying external generics to 'FIFO1'...
Delivering associated files for 'FIFO1'...
Delivering EJava files for 'FIFO1'...
Generating implementation netlist for 'FIFO1'...
INFO:sim - Pre-processing HDL files for 'FIFO1'...
Running synthesis for 'FIFO1'
Running ngcbuild...
Writing VEO instantiation template for 'FIFO1'...
Writing Verilog behavioral simulation model for 'FIFO1'...
WARNING:sim - Overwriting existing file
   D:/Homeworks/FPGA_codes/FIFO/ipcore_dir/tmp/_cg/FIFO1/doc/blk_mem_gen_v7_3_vi
   nfo.html with file from view xilinx_documentation
Delivered 1 file into directory
D:/Homeworks/FPGA_codes/FIFO/ipcore_dir/tmp/_cg/FIFO1
Generating ASY schematic symbol...
INFO:sim:949 - Finished generation of ASY schematic symbol.
Generating SYM schematic symbol for 'FIFO1'...
Generating metadata file...
Generating ISE project file for 'FIFO1'...
Generating ISE project...
XCO file found: FIFO1.xco
XMDF file found: FIFO1_xmdf.tcl
Adding D:/Homeworks/FPGA_codes/FIFO/ipcore_dir/tmp/_cg/FIFO1.asy -view all
-origin_type imported
Adding D:/Homeworks/FPGA_codes/FIFO/ipcore_dir/tmp/_cg/FIFO1.ngc -view all
-origin_type created
Checking file "D:/Homeworks/FPGA_codes/FIFO/ipcore_dir/tmp/_cg/FIFO1.ngc" for
project device match ...
File "D:/Homeworks/FPGA_codes/FIFO/ipcore_dir/tmp/_cg/FIFO1.ngc" device
information matches project device.
Adding D:/Homeworks/FPGA_codes/FIFO/ipcore_dir/tmp/_cg/FIFO1.sym -view all
-origin_type imported
Adding D:/Homeworks/FPGA_codes/FIFO/ipcore_dir/tmp/_cg/FIFO1.v -view all
-origin_type created
INFO:HDLCompiler:1845 - Analyzing Verilog file
   "D:/Homeworks/FPGA_codes/FIFO/ipcore_dir/tmp/_cg/FIFO1.v" into library work
INFO:ProjectMgmt - Parsing design hierarchy completed successfully.
Adding D:/Homeworks/FPGA_codes/FIFO/ipcore_dir/tmp/_cg/FIFO1.veo -view all
-origin_type imported
INFO:TclTasksC:2116 - The automatic calculation of top has been turned-off.
   Please set the new top explicitly by running the "project set top" command.
   To re-calculate the new top automatically, set the "Auto Implementation Top"
   property to true.
Top level has been set to "/FIFO1"
Generating README file...
Generating FLIST file...
INFO:sim:948 - Finished FLIST file generation.
Launching README viewer...
Moving files to output directory...
Finished moving files to output directory
Wrote CGP file for project 'FIFO1'.
