Release 14.7 - xst P.20131013 (nt64)
Copyright (c) 1995-2013 Xilinx, Inc.  All rights reserved.
--> Parameter TMPDIR set to xst/projnav.tmp


Total REAL time to Xst completion: 0.00 secs
Total CPU time to Xst completion: 0.10 secs
 
--> Parameter xsthdpdir set to xst


Total REAL time to Xst completion: 0.00 secs
Total CPU time to Xst completion: 0.10 secs
 
--> Reading design: shift_register_8bit.prj

TABLE OF CONTENTS
  1) Synthesis Options Summary
  2) HDL Compilation
  3) Design Hierarchy Analysis
  4) HDL Analysis
  5) HDL Synthesis
     5.1) HDL Synthesis Report
  6) Advanced HDL Synthesis
     6.1) Advanced HDL Synthesis Report
  7) Low Level Synthesis
  8) Partition Report
  9) Final Report
	9.1) Device utilization summary
	9.2) Partition Resource Summary
	9.3) TIMING REPORT


=========================================================================
*                      Synthesis Options Summary                        *
=========================================================================
---- Source Parameters
Input File Name                    : "shift_register_8bit.prj"
Input Format                       : mixed
Ignore Synthesis Constraint File   : NO

---- Target Parameters
Output File Name                   : "shift_register_8bit"
Output Format                      : NGC
Target Device                      : xc3s200-5-pq208

---- Source Options
Top Module Name                    : shift_register_8bit
Automatic FSM Extraction           : YES
FSM Encoding Algorithm             : Auto
Safe Implementation                : No
FSM Style                          : LUT
RAM Extraction                     : Yes
RAM Style                          : Auto
ROM Extraction                     : Yes
Mux Style                          : Auto
Decoder Extraction                 : YES
Priority Encoder Extraction        : Yes
Shift Register Extraction          : YES
Logical Shifter Extraction         : YES
XOR Collapsing                     : YES
ROM Style                          : Auto
Mux Extraction                     : Yes
Resource Sharing                   : YES
Asynchronous To Synchronous        : NO
Multiplier Style                   : Auto
Automatic Register Balancing       : No

---- Target Options
Add IO Buffers                     : YES
Global Maximum Fanout              : 500
Add Generic Clock Buffer(BUFG)     : 8
Register Duplication               : YES
Slice Packing                      : YES
Optimize Instantiated Primitives   : NO
Use Clock Enable                   : Yes
Use Synchronous Set                : Yes
Use Synchronous Reset              : Yes
Pack IO Registers into IOBs        : Auto
Equivalent register Removal        : YES

---- General Options
Optimization Goal                  : Speed
Optimization Effort                : 1
Keep Hierarchy                     : No
Netlist Hierarchy                  : As_Optimized
RTL Output                         : Yes
Global Optimization                : AllClockNets
Read Cores                         : YES
Write Timing Constraints           : NO
Cross Clock Analysis               : NO
Hierarchy Separator                : /
Bus Delimiter                      : <>
Case Specifier                     : Maintain
Slice Utilization Ratio            : 100
BRAM Utilization Ratio             : 100
Verilog 2001                       : YES
Auto BRAM Packing                  : NO
Slice Utilization Ratio Delta      : 5

=========================================================================


=========================================================================
*                          HDL Compilation                              *
=========================================================================
Compiling verilog file "N_bit_shift_register.v" in library work
Compiling verilog file "shift_register_8bit.v" in library work
Module <N_bit_shift_register> compiled
Module <shift_register_8bit> compiled
No errors in compilation
Analysis of file <"shift_register_8bit.prj"> succeeded.
 

=========================================================================
*                     Design Hierarchy Analysis                         *
=========================================================================
Analyzing hierarchy for module <shift_register_8bit> in library <work>.

Analyzing hierarchy for module <N_bit_shift_register> in library <work> with parameters.
	N = "00000000000000000000000000001000"


=========================================================================
*                            HDL Analysis                               *
=========================================================================
Analyzing top module <shift_register_8bit>.
Module <shift_register_8bit> is correct for synthesis.
 
Analyzing module <N_bit_shift_register> in library <work>.
	N = 32'sb00000000000000000000000000001000
Module <N_bit_shift_register> is correct for synthesis.
 

=========================================================================
*                           HDL Synthesis                               *
=========================================================================

Performing bidirectional port resolution...

Synthesizing Unit <N_bit_shift_register>.
    Related source file is "N_bit_shift_register.v".
    Found 8-bit register for signal <register>.
    Summary:
	inferred   8 D-type flip-flop(s).
Unit <N_bit_shift_register> synthesized.


Synthesizing Unit <shift_register_8bit>.
    Related source file is "shift_register_8bit.v".
Unit <shift_register_8bit> synthesized.


=========================================================================
HDL Synthesis Report

Macro Statistics
# Registers                                            : 1
 8-bit register                                        : 1

=========================================================================

=========================================================================
*                       Advanced HDL Synthesis                          *
=========================================================================


=========================================================================
Advanced HDL Synthesis Report

Macro Statistics
# Registers                                            : 8
 Flip-Flops                                            : 8

=========================================================================

=========================================================================
*                         Low Level Synthesis                           *
=========================================================================

Optimizing unit <shift_register_8bit> ...

Optimizing unit <N_bit_shift_register> ...

Mapping all equations...
Building and optimizing final netlist ...
Found area constraint ratio of 100 (+ 5) on block shift_register_8bit, actual ratio is 0.
FlipFlop shift_reg_2/register_7 has been replicated 1 time(s) to handle iob=true attribute.

Final Macro Processing ...

=========================================================================
Final Register Report

Macro Statistics
# Registers                                            : 9
 Flip-Flops                                            : 9

=========================================================================

=========================================================================
*                           Partition Report                            *
=========================================================================

Partition Implementation Status
-------------------------------

  No Partitions were found in this design.

-------------------------------

=========================================================================
*                            Final Report                               *
=========================================================================
Final Results
RTL Top Level Output File Name     : shift_register_8bit.ngr
Top Level Output File Name         : shift_register_8bit
Output Format                      : NGC
Optimization Goal                  : Speed
Keep Hierarchy                     : No

Design Statistics
# IOs                              : 20

Cell Usage :
# BELS                             : 9
#      LUT2                        : 1
#      LUT3                        : 8
# FlipFlops/Latches                : 9
#      FDRE                        : 9
# Clock Buffers                    : 1
#      BUFGP                       : 1
# IO Buffers                       : 19
#      IBUF                        : 11
#      OBUF                        : 8
=========================================================================

Device utilization summary:
---------------------------

Selected Device : 3s200pq208-5 

 Number of Slices:                        5  out of   1920     0%  
 Number of Slice Flip Flops:              8  out of   3840     0%  
 Number of 4 input LUTs:                  9  out of   3840     0%  
 Number of IOs:                          20
 Number of bonded IOBs:                  20  out of    141    14%  
    IOB Flip Flops:                       1
 Number of GCLKs:                         1  out of      8    12%  

---------------------------
Partition Resource Summary:
---------------------------

  No Partitions were found in this design.

---------------------------


=========================================================================
TIMING REPORT

NOTE: THESE TIMING NUMBERS ARE ONLY A SYNTHESIS ESTIMATE.
      FOR ACCURATE TIMING INFORMATION PLEASE REFER TO THE TRACE REPORT
      GENERATED AFTER PLACE-and-ROUTE.

Clock Information:
------------------
-----------------------------------+------------------------+-------+
Clock Signal                       | Clock buffer(FF name)  | Load  |
-----------------------------------+------------------------+-------+
clk                                | BUFGP                  | 9     |
-----------------------------------+------------------------+-------+

Asynchronous Control Signals Information:
----------------------------------------
No asynchronous control signals found in this design

Timing Summary:
---------------
Speed Grade: -5

   Minimum period: 2.085ns (Maximum Frequency: 479.513MHz)
   Minimum input arrival time before clock: 3.799ns
   Maximum output required time after clock: 6.280ns
   Maximum combinational path delay: No path found

Timing Detail:
--------------
All values displayed in nanoseconds (ns)

=========================================================================
Timing constraint: Default period analysis for Clock 'clk'
  Clock period: 2.085ns (frequency: 479.513MHz)
  Total number of paths / destination ports: 7 / 7
-------------------------------------------------------------------------
Delay:               2.085ns (Levels of Logic = 1)
  Source:            shift_reg_2/register_6 (FF)
  Destination:       shift_reg_2/register_5 (FF)
  Source Clock:      clk rising
  Destination Clock: clk rising

  Data Path: shift_reg_2/register_6 to shift_reg_2/register_5
                                Gate     Net
    Cell:in->out      fanout   Delay   Delay  Logical Name (Net Name)
    ----------------------------------------  ------------
     FDRE:C->Q             2   0.626   0.804  shift_reg_2/register_6 (shift_reg_2/register_6)
     LUT3:I2->O            1   0.479   0.000  shift_reg_2/register_mux0000<5>1 (shift_reg_2/register_mux0000<5>)
     FDRE:D                    0.176          shift_reg_2/register_5
    ----------------------------------------
    Total                      2.085ns (1.281ns logic, 0.804ns route)
                                       (61.4% logic, 38.6% route)

=========================================================================
Timing constraint: Default OFFSET IN BEFORE for Clock 'clk'
  Total number of paths / destination ports: 47 / 27
-------------------------------------------------------------------------
Offset:              3.799ns (Levels of Logic = 2)
  Source:            R (PAD)
  Destination:       shift_reg_2/register_7 (FF)
  Destination Clock: clk rising

  Data Path: R to shift_reg_2/register_7
                                Gate     Net
    Cell:in->out      fanout   Delay   Delay  Logical Name (Net Name)
    ----------------------------------------  ------------
     IBUF:I->O             9   0.715   1.125  R_IBUF (R_IBUF)
     LUT2:I1->O            9   0.479   0.955  shift_reg_2/register_not00011 (shift_reg_2/register_not0001)
     FDRE:CE                   0.524          shift_reg_2/register_0
    ----------------------------------------
    Total                      3.799ns (1.718ns logic, 2.081ns route)
                                       (45.2% logic, 54.8% route)

=========================================================================
Timing constraint: Default OFFSET OUT AFTER for Clock 'clk'
  Total number of paths / destination ports: 8 / 8
-------------------------------------------------------------------------
Offset:              6.280ns (Levels of Logic = 1)
  Source:            shift_reg_2/register_6 (FF)
  Destination:       out<6> (PAD)
  Source Clock:      clk rising

  Data Path: shift_reg_2/register_6 to out<6>
                                Gate     Net
    Cell:in->out      fanout   Delay   Delay  Logical Name (Net Name)
    ----------------------------------------  ------------
     FDRE:C->Q             2   0.626   0.745  shift_reg_2/register_6 (shift_reg_2/register_6)
     OBUF:I->O                 4.909          out_6_OBUF (out<6>)
    ----------------------------------------
    Total                      6.280ns (5.535ns logic, 0.745ns route)
                                       (88.1% logic, 11.9% route)

=========================================================================


Total REAL time to Xst completion: 4.00 secs
Total CPU time to Xst completion: 4.43 secs
 
--> 

Total memory usage is 234824 kilobytes

Number of errors   :    0 (   0 filtered)
Number of warnings :    0 (   0 filtered)
Number of infos    :    0 (   0 filtered)

