Release 14.7 - xst P.20131013 (nt64)
Copyright (c) 1995-2013 Xilinx, Inc.  All rights reserved.
--> Parameter TMPDIR set to xst/projnav.tmp


Total REAL time to Xst completion: 0.00 secs
Total CPU time to Xst completion: 0.14 secs
 
--> Parameter xsthdpdir set to xst


Total REAL time to Xst completion: 0.00 secs
Total CPU time to Xst completion: 0.14 secs
 
--> Reading design: state_machine.prj

TABLE OF CONTENTS
  1) Synthesis Options Summary
  2) HDL Compilation
  3) Design Hierarchy Analysis
  4) HDL Analysis
  5) HDL Synthesis
     5.1) HDL Synthesis Report
  6) Advanced HDL Synthesis
     6.1) Advanced HDL Synthesis Report
  7) Low Level Synthesis
  8) Partition Report
  9) Final Report

=========================================================================
*                      Synthesis Options Summary                        *
=========================================================================
---- Source Parameters
Input File Name                    : "state_machine.prj"
Input Format                       : mixed
Ignore Synthesis Constraint File   : NO

---- Target Parameters
Output File Name                   : "state_machine"
Output Format                      : NGC
Target Device                      : XC9500XL CPLDs

---- Source Options
Top Module Name                    : state_machine
Automatic FSM Extraction           : YES
FSM Encoding Algorithm             : Auto
Safe Implementation                : No
Mux Extraction                     : Yes
Resource Sharing                   : YES

---- Target Options
Add IO Buffers                     : YES
MACRO Preserve                     : YES
XOR Preserve                       : YES
Equivalent register Removal        : YES

---- General Options
Optimization Goal                  : Speed
Optimization Effort                : 1
Keep Hierarchy                     : Yes
Netlist Hierarchy                  : As_Optimized
RTL Output                         : Yes
Hierarchy Separator                : /
Bus Delimiter                      : <>
Case Specifier                     : Maintain
Verilog 2001                       : YES

---- Other Options
Clock Enable                       : YES
wysiwyg                            : NO

=========================================================================


=========================================================================
*                          HDL Compilation                              *
=========================================================================
Compiling verilog file "state_machine.v" in library work
ERROR:HDLCompilers:28 - "state_machine.v" line 29 'Reset' has not been declared
ERROR:HDLCompilers:26 - "state_machine.v" line 33 expecting 'end', found 'always'
Module <state_machine> compiled
ERROR:HDLCompilers:26 - "state_machine.v" line 33 expecting 'endmodule', found '@'
ERROR:HDLCompilers:26 - "state_machine.v" line 33 unexpected token: ')'
ERROR:HDLCompilers:26 - "state_machine.v" line 34 unexpected token: 'I'
ERROR:HDLCompilers:26 - "state_machine.v" line 35 unexpected token: '1'
ERROR:HDLCompilers:26 - "state_machine.v" line 36 unexpected token: '1'
ERROR:HDLCompilers:26 - "state_machine.v" line 37 unexpected token: '1'
ERROR:HDLCompilers:26 - "state_machine.v" line 38 unexpected token: '1'
ERROR:HDLCompilers:26 - "state_machine.v" line 39 unexpected token: '1'
ERROR:HDLCompilers:26 - "state_machine.v" line 40 unexpected token: '1'
ERROR:HDLCompilers:26 - "state_machine.v" line 41 unexpected token: '1'
ERROR:HDLCompilers:26 - "state_machine.v" line 46 expecting '*)', found 'EOF'
ERROR:HDLCompilers:26 - "state_machine.v" line 46 unexpected token: 'EOF'
Analysis of file <"state_machine.prj"> failed.
--> 

Total memory usage is 216364 kilobytes

Number of errors   :   14 (   0 filtered)
Number of warnings :    0 (   0 filtered)
Number of infos    :    0 (   0 filtered)

