Release 14.7 - xst P.20131013 (nt64)
Copyright (c) 1995-2013 Xilinx, Inc.  All rights reserved.
--> Parameter TMPDIR set to xst/projnav.tmp


Total REAL time to Xst completion: 0.00 secs
Total CPU time to Xst completion: 0.14 secs
 
--> Parameter xsthdpdir set to xst


Total REAL time to Xst completion: 0.00 secs
Total CPU time to Xst completion: 0.14 secs
 
--> Reading design: Multiplier.prj

TABLE OF CONTENTS
  1) Synthesis Options Summary
  2) HDL Compilation
  3) Design Hierarchy Analysis
  4) HDL Analysis
  5) HDL Synthesis
     5.1) HDL Synthesis Report
  6) Advanced HDL Synthesis
     6.1) Advanced HDL Synthesis Report
  7) Low Level Synthesis
  8) Partition Report
  9) Final Report
	9.1) Device utilization summary
	9.2) Partition Resource Summary
	9.3) TIMING REPORT


=========================================================================
*                      Synthesis Options Summary                        *
=========================================================================
---- Source Parameters
Input File Name                    : "Multiplier.prj"
Input Format                       : mixed
Ignore Synthesis Constraint File   : NO

---- Target Parameters
Output File Name                   : "Multiplier"
Output Format                      : NGC
Target Device                      : xc3s200-5-pq208

---- Source Options
Top Module Name                    : Multiplier
Automatic FSM Extraction           : YES
FSM Encoding Algorithm             : Auto
Safe Implementation                : No
FSM Style                          : LUT
RAM Extraction                     : Yes
RAM Style                          : Auto
ROM Extraction                     : Yes
Mux Style                          : Auto
Decoder Extraction                 : YES
Priority Encoder Extraction        : Yes
Shift Register Extraction          : YES
Logical Shifter Extraction         : YES
XOR Collapsing                     : YES
ROM Style                          : Auto
Mux Extraction                     : Yes
Resource Sharing                   : YES
Asynchronous To Synchronous        : NO
Multiplier Style                   : Auto
Automatic Register Balancing       : No

---- Target Options
Add IO Buffers                     : YES
Global Maximum Fanout              : 100000
Add Generic Clock Buffer(BUFG)     : 8
Register Duplication               : YES
Slice Packing                      : YES
Optimize Instantiated Primitives   : NO
Use Clock Enable                   : Yes
Use Synchronous Set                : Yes
Use Synchronous Reset              : Yes
Pack IO Registers into IOBs        : Auto
Equivalent register Removal        : YES

---- General Options
Optimization Goal                  : Speed
Optimization Effort                : 1
Keep Hierarchy                     : No
Netlist Hierarchy                  : As_Optimized
RTL Output                         : Yes
Global Optimization                : AllClockNets
Read Cores                         : YES
Write Timing Constraints           : NO
Cross Clock Analysis               : NO
Hierarchy Separator                : /
Bus Delimiter                      : <>
Case Specifier                     : Maintain
Slice Utilization Ratio            : 100
BRAM Utilization Ratio             : 100
Verilog 2001                       : YES
Auto BRAM Packing                  : NO
Slice Utilization Ratio Delta      : 5

---- Other Options
Cores Search Directories           : {"ipcore_dir"  }

=========================================================================


=========================================================================
*                          HDL Compilation                              *
=========================================================================
Compiling verilog file "ipcore_dir/Multiplier_16bit.v" in library work
Compiling verilog file "Multiplier.v" in library work
Module <Multiplier_16bit> compiled
Module <Multiplier> compiled
No errors in compilation
Analysis of file <"Multiplier.prj"> succeeded.
 

=========================================================================
*                     Design Hierarchy Analysis                         *
=========================================================================
Analyzing hierarchy for module <Multiplier> in library <work>.


=========================================================================
*                            HDL Analysis                               *
=========================================================================
Analyzing top module <Multiplier>.
WARNING:Xst:2211 - "ipcore_dir/Multiplier_16bit.v" line 25: Instantiating black box module <Multiplier_16bit>.
Module <Multiplier> is correct for synthesis.
 
    Set user-defined property "SYN_BLACK_BOX =  1" for instance <mult_16_bit_inst> in unit <Multiplier>.
    Set user-defined property "SYN_NOPRUNE =  1" for instance <mult_16_bit_inst> in unit <Multiplier>.
    Set property "SYN_NOPRUNE = 1" for unit <Multiplier_16bit>.

=========================================================================
*                           HDL Synthesis                               *
=========================================================================

Performing bidirectional port resolution...

Synthesizing Unit <Multiplier>.
    Related source file is "Multiplier.v".
Unit <Multiplier> synthesized.


=========================================================================
HDL Synthesis Report

Found no macro
=========================================================================

=========================================================================
*                       Advanced HDL Synthesis                          *
=========================================================================

Reading core <ipcore_dir/Multiplier_16bit.ngc>.
Reading Secure Unit <blk00000001>.
Loading core <Multiplier_16bit> for timing and area information for instance <mult_16_bit_inst>.

=========================================================================
Advanced HDL Synthesis Report

Found no macro
=========================================================================

=========================================================================
*                         Low Level Synthesis                           *
=========================================================================

Optimizing unit <Multiplier> ...

Mapping all equations...
Building and optimizing final netlist ...
Found area constraint ratio of 100 (+ 5) on block Multiplier, actual ratio is 3.

Final Macro Processing ...

=========================================================================
Final Register Report

Found no macro
=========================================================================

=========================================================================
*                           Partition Report                            *
=========================================================================

Partition Implementation Status
-------------------------------

  No Partitions were found in this design.

-------------------------------

=========================================================================
*                            Final Report                               *
=========================================================================
Final Results
RTL Top Level Output File Name     : Multiplier.ngr
Top Level Output File Name         : Multiplier
Output Format                      : NGC
Optimization Goal                  : Speed
Keep Hierarchy                     : No

Design Statistics
# IOs                              : 35

Cell Usage :
# Clock Buffers                    : 1
#      BUFGP                       : 1
# IO Buffers                       : 34
#      IBUF                        : 18
#      OBUF                        : 16
=========================================================================

Device utilization summary:
---------------------------

Selected Device : 3s200pq208-5 

 Number of Slices:                        0  out of   1920     0%  
 Number of IOs:                          35
 Number of bonded IOBs:                  35  out of    141    24%  
 Number of GCLKs:                         1  out of      8    12%  

---------------------------
Partition Resource Summary:
---------------------------

  No Partitions were found in this design.

---------------------------


=========================================================================
TIMING REPORT

NOTE: THESE TIMING NUMBERS ARE ONLY A SYNTHESIS ESTIMATE.
      FOR ACCURATE TIMING INFORMATION PLEASE REFER TO THE TRACE REPORT
      GENERATED AFTER PLACE-and-ROUTE.

Clock Information:
------------------
-----------------------------------+------------------------+-------+
Clock Signal                       | Clock buffer(FF name)  | Load  |
-----------------------------------+------------------------+-------+
clk                                | BUFGP                  | 80    |
-----------------------------------+------------------------+-------+

Asynchronous Control Signals Information:
----------------------------------------
No asynchronous control signals found in this design

Timing Summary:
---------------
Speed Grade: -5

   Minimum period: 4.033ns (Maximum Frequency: 247.964MHz)
   Minimum input arrival time before clock: 4.251ns
   Maximum output required time after clock: 6.216ns
   Maximum combinational path delay: No path found

Timing Detail:
--------------
All values displayed in nanoseconds (ns)

=========================================================================
Timing constraint: Default period analysis for Clock 'clk'
  Clock period: 4.033ns (frequency: 247.964MHz)
  Total number of paths / destination ports: 516 / 40
-------------------------------------------------------------------------
Delay:               4.033ns (Levels of Logic = 13)
  Source:            sec_inst (FF)
  Destination:       sec_inst (FF)
  Source Clock:      clk rising
  Destination Clock: clk rising

  Data Path: sec_inst to sec_inst
                                Gate     Net
    Cell:in->out      fanout   Delay   Delay  Logical Name (Net Name)
    ----------------------------------------  ------------
     SEC:C->out            1   0.626   0.976  sec_inst (sec_net)
     SEC:in->out           1   0.479   0.000  sec_inst (sec_net)
     SEC:in->out           1   0.435   0.000  sec_inst (sec_net)
     SEC:in->out           1   0.056   0.000  sec_inst (sec_net)
     SEC:in->out           1   0.056   0.000  sec_inst (sec_net)
     SEC:in->out           1   0.056   0.000  sec_inst (sec_net)
     SEC:in->out           1   0.056   0.000  sec_inst (sec_net)
     SEC:in->out           1   0.056   0.000  sec_inst (sec_net)
     SEC:in->out           1   0.056   0.000  sec_inst (sec_net)
     SEC:in->out           1   0.056   0.000  sec_inst (sec_net)
     SEC:in->out           1   0.056   0.000  sec_inst (sec_net)
     SEC:in->out           1   0.056   0.000  sec_inst (sec_net)
     SEC:in->out           0   0.056   0.000  sec_inst (sec_net)
     SEC:in->out           1   0.786   0.000  sec_inst (sec_net)
     SEC:in                    0.176          sec_inst
    ----------------------------------------
    Total                      4.033ns (3.057ns logic, 0.976ns route)
                                       (75.8% logic, 24.2% route)

=========================================================================
Timing constraint: Default OFFSET IN BEFORE for Clock 'clk'
  Total number of paths / destination ports: 1288 / 200
-------------------------------------------------------------------------
Offset:              4.251ns (Levels of Logic = 13)
  Source:            A<0> (PAD)
  Destination:       sec_inst (FF)
  Destination Clock: clk rising

  Data Path: A<0> to sec_inst
                                Gate     Net
    Cell:in->out      fanout   Delay   Delay  Logical Name (Net Name)
    ----------------------------------------  ------------
     IBUF:I->O             8   0.715   1.216  A_0_IBUF (A_0_IBUF)
     begin scope: 'mult_16_bit_inst'
     begin scope: 'blk00000001'
     SEC:in->out           1   0.479   0.000  sec_inst (sec_net)
     SEC:in->out           1   0.435   0.000  sec_inst (sec_net)
     SEC:in->out           1   0.056   0.000  sec_inst (sec_net)
     SEC:in->out           1   0.056   0.000  sec_inst (sec_net)
     SEC:in->out           1   0.056   0.000  sec_inst (sec_net)
     SEC:in->out           1   0.056   0.000  sec_inst (sec_net)
     SEC:in->out           1   0.056   0.000  sec_inst (sec_net)
     SEC:in->out           1   0.056   0.000  sec_inst (sec_net)
     SEC:in->out           1   0.056   0.000  sec_inst (sec_net)
     SEC:in->out           0   0.056   0.000  sec_inst (sec_net)
     SEC:in->out           1   0.786   0.000  sec_inst (sec_net)
     SEC:in                    0.176          sec_inst
    ----------------------------------------
    Total                      4.251ns (3.035ns logic, 1.216ns route)
                                       (71.4% logic, 28.6% route)

=========================================================================
Timing constraint: Default OFFSET OUT AFTER for Clock 'clk'
  Total number of paths / destination ports: 16 / 16
-------------------------------------------------------------------------
Offset:              6.216ns (Levels of Logic = 2)
  Source:            sec_inst (FF)
  Destination:       O<15> (PAD)
  Source Clock:      clk rising

  Data Path: sec_inst to O<15>
                                Gate     Net
    Cell:in->out      fanout   Delay   Delay  Logical Name (Net Name)
    ----------------------------------------  ------------
     SEC:C->out            1   0.626   0.681  sec_inst (sec_net)
     end scope: 'blk00000001'
     end scope: 'mult_16_bit_inst'
     OBUF:I->O                 4.909          O_15_OBUF (O<15>)
    ----------------------------------------
    Total                      6.216ns (5.535ns logic, 0.681ns route)
                                       (89.0% logic, 11.0% route)

=========================================================================
WARNING:Xst:616 - Invalid property "SYN_BLACK_BOX 1": Did not attach to mult_16_bit_inst.
WARNING:Xst:616 - Invalid property "SYN_NOPRUNE 1": Did not attach to mult_16_bit_inst.


Total REAL time to Xst completion: 5.00 secs
Total CPU time to Xst completion: 5.75 secs
 
--> 

Total memory usage is 250996 kilobytes

Number of errors   :    0 (   0 filtered)
Number of warnings :    3 (   0 filtered)
Number of infos    :    0 (   0 filtered)

