 
cpldfit:  version P.20131013                        Xilinx Inc.
                                  Fitter Report
Design Name: Decoder_2_4                         Date:  3-12-2018, 11:05AM
Device Used: XC95288XL-6-TQ144
Fitting Status: Successful

*************************  Mapped Resource Summary  **************************

Macrocells     Product Terms    Function Block   Registers      Pins           
Used/Tot       Used/Tot         Inps Used/Tot    Used/Tot       Used/Tot       
4  /288 (  1%) 4   /1440 (  1%) 12 /864 (  1%)   0  /288 (  0%) 7  /117 (  6%)

** Function Block Resources **

Function    Mcells      FB Inps     Pterms      IO          
Block       Used/Tot    Used/Tot    Used/Tot    Used/Tot    
FB1           0/18        0/54        0/90       0/ 8
FB2           1/18        3/54        1/90       1/10
FB3           0/18        0/54        0/90       0/ 5
FB4           0/18        0/54        0/90       1/ 6
FB5           0/18        0/54        0/90       0/ 8
FB6           0/18        0/54        0/90       0/ 8
FB7           0/18        0/54        0/90       0/ 4
FB8           0/18        0/54        0/90       1/ 5
FB9           1/18        3/54        1/90       1/ 9
FB10          1/18        3/54        1/90       1/10
FB11          0/18        0/54        0/90       0/ 7
FB12          0/18        0/54        0/90       0/ 6
FB13          0/18        0/54        0/90       0/ 6
FB14          0/18        0/54        0/90       0/ 8
FB15          1/18        3/54        1/90       1/ 9
FB16          0/18        0/54        0/90       1/ 8
             -----       -----       -----      -----    
              4/288      12/864       4/1440     7/117

* - Resource is exhausted

** Global Control Resources **

Global clock net(s) unused.
Global output enable net(s) unused.
Global set/reset net(s) unused.

** Pin Resources **

Signal Type    Required     Mapped  |  Pin Type            Used    Total 
------------------------------------|------------------------------------
Input         :    3           3    |  I/O              :     6     109
Output        :    4           4    |  GCK/IO           :     0       3
Bidirectional :    0           0    |  GTS/IO           :     1       4
GCK           :    0           0    |  GSR/IO           :     0       1
GTS           :    0           0    |
GSR           :    0           0    |
                 ----        ----
        Total      7           7

** Power Data **

There are 4 macrocells in high performance mode (MCHP).
There are 0 macrocells in low power mode (MCLP).
End of Mapped Resource Summary
**************************  Errors and Warnings  ***************************

WARNING:Cpld - Unable to retrieve the path to the iSE Project Repository. Will
   use the default filename of 'Decoder_2_4.ise'.
*************************  Summary of Mapped Logic  ************************

** 4 Outputs **

Signal              Total Total Loc     Pin  Pin     Pin     Pwr  Slew Reg Init
Name                Pts   Inps          No.  Type    Use     Mode Rate State
O<0>                1     3     FB2_2   9    I/O     O       STD  FAST 
O<3>                1     3     FB9_2   50   I/O     O       STD  FAST 
O<1>                1     3     FB10_2  117  I/O     O       STD  FAST 
O<2>                1     3     FB15_2  79   I/O     O       STD  FAST 

** 3 Inputs **

Signal              Loc     Pin  Pin     Pin     
Name                        No.  Type    Use     
I<0>                FB4_2   2    GTS/I/O I
I<1>                FB8_5   132  I/O     I
E                   FB16_6  94   I/O     I

Legend:
Pin No. - ~ - User Assigned
**************************  Function Block Details  ************************
Legend:
Total Pt     - Total product terms used by the macrocell signal
Imp Pt       - Product terms imported from other macrocells
Exp Pt       - Product terms exported to other macrocells
               in direction shown
Unused Pt    - Unused local product terms remaining in macrocell
Loc          - Location where logic was mapped in device
Pin Type/Use - I  - Input             GCK - Global Clock
               O  - Output            GTS - Global Output Enable
              (b) - Buried macrocell  GSR - Global Set/Reset
X            - Signal used as input to the macrocell logic.
Pin No.      - ~  - User Assigned
*********************************** FB1  ***********************************
Number of function block inputs used/remaining:               0/54
Number of signals used by logic mapping into function block:  0
Signal              Total   Imp   Exp Unused  Loc     Pin   Pin     Pin
Name                Pt      Pt    Pt  Pt               #    Type    Use
(unused)              0       0     0   5     FB1_1         (b)     
(unused)              0       0     0   5     FB1_2         (b)     
(unused)              0       0     0   5     FB1_3         (b)     
(unused)              0       0     0   5     FB1_4         (b)     
(unused)              0       0     0   5     FB1_5   20    I/O     
(unused)              0       0     0   5     FB1_6   21    I/O     
(unused)              0       0     0   5     FB1_7         (b)     
(unused)              0       0     0   5     FB1_8   22    I/O     
(unused)              0       0     0   5     FB1_9         (b)     
(unused)              0       0     0   5     FB1_10  23    I/O     
(unused)              0       0     0   5     FB1_11        (b)     
(unused)              0       0     0   5     FB1_12  24    I/O     
(unused)              0       0     0   5     FB1_13        (b)     
(unused)              0       0     0   5     FB1_14  25    I/O     
(unused)              0       0     0   5     FB1_15  26    I/O     
(unused)              0       0     0   5     FB1_16        (b)     
(unused)              0       0     0   5     FB1_17  27    I/O     
(unused)              0       0     0   5     FB1_18        (b)     
*********************************** FB2  ***********************************
Number of function block inputs used/remaining:               3/51
Number of signals used by logic mapping into function block:  3
Signal              Total   Imp   Exp Unused  Loc     Pin   Pin     Pin
Name                Pt      Pt    Pt  Pt               #    Type    Use
(unused)              0       0     0   5     FB2_1         (b)     
O<0>                  1       0     0   4     FB2_2   9     I/O     O
(unused)              0       0     0   5     FB2_3   10    I/O     
(unused)              0       0     0   5     FB2_4         (b)     
(unused)              0       0     0   5     FB2_5   11    I/O     
(unused)              0       0     0   5     FB2_6   12    I/O     
(unused)              0       0     0   5     FB2_7         (b)     
(unused)              0       0     0   5     FB2_8   13    I/O     
(unused)              0       0     0   5     FB2_9         (b)     
(unused)              0       0     0   5     FB2_10  14    I/O     
(unused)              0       0     0   5     FB2_11        (b)     
(unused)              0       0     0   5     FB2_12  15    I/O     
(unused)              0       0     0   5     FB2_13        (b)     
(unused)              0       0     0   5     FB2_14  16    I/O     
(unused)              0       0     0   5     FB2_15  17    I/O     
(unused)              0       0     0   5     FB2_16        (b)     
(unused)              0       0     0   5     FB2_17  19    I/O     
(unused)              0       0     0   5     FB2_18        (b)     

Signals Used by Logic in Function Block
  1: E                  2: I<0>               3: I<1> 

Signal                        1         2         3         4 FB
Name                0----+----0----+----0----+----0----+----0 Inputs
O<0>                 XXX..................................... 3
                    0----+----1----+----2----+----3----+----4
                              0         0         0         0
*********************************** FB3  ***********************************
Number of function block inputs used/remaining:               0/54
Number of signals used by logic mapping into function block:  0
Signal              Total   Imp   Exp Unused  Loc     Pin   Pin     Pin
Name                Pt      Pt    Pt  Pt               #    Type    Use
(unused)              0       0     0   5     FB3_1         (b)     
(unused)              0       0     0   5     FB3_2   28    I/O     
(unused)              0       0     0   5     FB3_3         (b)     
(unused)              0       0     0   5     FB3_4         (b)     
(unused)              0       0     0   5     FB3_5         (b)     
(unused)              0       0     0   5     FB3_6         (b)     
(unused)              0       0     0   5     FB3_7         (b)     
(unused)              0       0     0   5     FB3_8         (b)     
(unused)              0       0     0   5     FB3_9         (b)     
(unused)              0       0     0   5     FB3_10  30    GCK/I/O 
(unused)              0       0     0   5     FB3_11        (b)     
(unused)              0       0     0   5     FB3_12  31    I/O     
(unused)              0       0     0   5     FB3_13        (b)     
(unused)              0       0     0   5     FB3_14  32    GCK/I/O 
(unused)              0       0     0   5     FB3_15  33    I/O     
(unused)              0       0     0   5     FB3_16        (b)     
(unused)              0       0     0   5     FB3_17        (b)     
(unused)              0       0     0   5     FB3_18        (b)     
*********************************** FB4  ***********************************
Number of function block inputs used/remaining:               0/54
Number of signals used by logic mapping into function block:  0
Signal              Total   Imp   Exp Unused  Loc     Pin   Pin     Pin
Name                Pt      Pt    Pt  Pt               #    Type    Use
(unused)              0       0     0   5     FB4_1         (b)     
(unused)              0       0     0   5     FB4_2   2     GTS/I/O I
(unused)              0       0     0   5     FB4_3         (b)     
(unused)              0       0     0   5     FB4_4         (b)     
(unused)              0       0     0   5     FB4_5   3     GTS/I/O 
(unused)              0       0     0   5     FB4_6   4     I/O     
(unused)              0       0     0   5     FB4_7         (b)     
(unused)              0       0     0   5     FB4_8   5     GTS/I/O 
(unused)              0       0     0   5     FB4_9         (b)     
(unused)              0       0     0   5     FB4_10        (b)     
(unused)              0       0     0   5     FB4_11        (b)     
(unused)              0       0     0   5     FB4_12  6     GTS/I/O 
(unused)              0       0     0   5     FB4_13        (b)     
(unused)              0       0     0   5     FB4_14  7     I/O     
(unused)              0       0     0   5     FB4_15        (b)     
(unused)              0       0     0   5     FB4_16        (b)     
(unused)              0       0     0   5     FB4_17        (b)     
(unused)              0       0     0   5     FB4_18        (b)     
*********************************** FB5  ***********************************
Number of function block inputs used/remaining:               0/54
Number of signals used by logic mapping into function block:  0
Signal              Total   Imp   Exp Unused  Loc     Pin   Pin     Pin
Name                Pt      Pt    Pt  Pt               #    Type    Use
(unused)              0       0     0   5     FB5_1         (b)     
(unused)              0       0     0   5     FB5_2   34    I/O     
(unused)              0       0     0   5     FB5_3         (b)     
(unused)              0       0     0   5     FB5_4         (b)     
(unused)              0       0     0   5     FB5_5   35    I/O     
(unused)              0       0     0   5     FB5_6         (b)     
(unused)              0       0     0   5     FB5_7         (b)     
(unused)              0       0     0   5     FB5_8   38    GCK/I/O 
(unused)              0       0     0   5     FB5_9         (b)     
(unused)              0       0     0   5     FB5_10  39    I/O     
(unused)              0       0     0   5     FB5_11        (b)     
(unused)              0       0     0   5     FB5_12  40    I/O     
(unused)              0       0     0   5     FB5_13        (b)     
(unused)              0       0     0   5     FB5_14  41    I/O     
(unused)              0       0     0   5     FB5_15  43    I/O     
(unused)              0       0     0   5     FB5_16        (b)     
(unused)              0       0     0   5     FB5_17  44    I/O     
(unused)              0       0     0   5     FB5_18        (b)     
*********************************** FB6  ***********************************
Number of function block inputs used/remaining:               0/54
Number of signals used by logic mapping into function block:  0
Signal              Total   Imp   Exp Unused  Loc     Pin   Pin     Pin
Name                Pt      Pt    Pt  Pt               #    Type    Use
(unused)              0       0     0   5     FB6_1         (b)     
(unused)              0       0     0   5     FB6_2   135   I/O     
(unused)              0       0     0   5     FB6_3   136   I/O     
(unused)              0       0     0   5     FB6_4         (b)     
(unused)              0       0     0   5     FB6_5   137   I/O     
(unused)              0       0     0   5     FB6_6   138   I/O     
(unused)              0       0     0   5     FB6_7         (b)     
(unused)              0       0     0   5     FB6_8   139   I/O     
(unused)              0       0     0   5     FB6_9         (b)     
(unused)              0       0     0   5     FB6_10  140   I/O     
(unused)              0       0     0   5     FB6_11        (b)     
(unused)              0       0     0   5     FB6_12        (b)     
(unused)              0       0     0   5     FB6_13        (b)     
(unused)              0       0     0   5     FB6_14  142   I/O     
(unused)              0       0     0   5     FB6_15  143   GSR/I/O 
(unused)              0       0     0   5     FB6_16        (b)     
(unused)              0       0     0   5     FB6_17        (b)     
(unused)              0       0     0   5     FB6_18        (b)     
*********************************** FB7  ***********************************
Number of function block inputs used/remaining:               0/54
Number of signals used by logic mapping into function block:  0
Signal              Total   Imp   Exp Unused  Loc     Pin   Pin     Pin
Name                Pt      Pt    Pt  Pt               #    Type    Use
(unused)              0       0     0   5     FB7_1         (b)     
(unused)              0       0     0   5     FB7_2         (b)     
(unused)              0       0     0   5     FB7_3   45    I/O     
(unused)              0       0     0   5     FB7_4         (b)     
(unused)              0       0     0   5     FB7_5   46    I/O     
(unused)              0       0     0   5     FB7_6         (b)     
(unused)              0       0     0   5     FB7_7         (b)     
(unused)              0       0     0   5     FB7_8         (b)     
(unused)              0       0     0   5     FB7_9         (b)     
(unused)              0       0     0   5     FB7_10        (b)     
(unused)              0       0     0   5     FB7_11        (b)     
(unused)              0       0     0   5     FB7_12  48    I/O     
(unused)              0       0     0   5     FB7_13        (b)     
(unused)              0       0     0   5     FB7_14        (b)     
(unused)              0       0     0   5     FB7_15  49    I/O     
(unused)              0       0     0   5     FB7_16        (b)     
(unused)              0       0     0   5     FB7_17        (b)     
(unused)              0       0     0   5     FB7_18        (b)     
*********************************** FB8  ***********************************
Number of function block inputs used/remaining:               0/54
Number of signals used by logic mapping into function block:  0
Signal              Total   Imp   Exp Unused  Loc     Pin   Pin     Pin
Name                Pt      Pt    Pt  Pt               #    Type    Use
(unused)              0       0     0   5     FB8_1         (b)     
(unused)              0       0     0   5     FB8_2   130   I/O     
(unused)              0       0     0   5     FB8_3   131   I/O     
(unused)              0       0     0   5     FB8_4         (b)     
(unused)              0       0     0   5     FB8_5   132   I/O     I
(unused)              0       0     0   5     FB8_6         (b)     
(unused)              0       0     0   5     FB8_7         (b)     
(unused)              0       0     0   5     FB8_8   133   I/O     
(unused)              0       0     0   5     FB8_9         (b)     
(unused)              0       0     0   5     FB8_10  134   I/O     
(unused)              0       0     0   5     FB8_11        (b)     
(unused)              0       0     0   5     FB8_12        (b)     
(unused)              0       0     0   5     FB8_13        (b)     
(unused)              0       0     0   5     FB8_14        (b)     
(unused)              0       0     0   5     FB8_15        (b)     
(unused)              0       0     0   5     FB8_16        (b)     
(unused)              0       0     0   5     FB8_17        (b)     
(unused)              0       0     0   5     FB8_18        (b)     
*********************************** FB9  ***********************************
Number of function block inputs used/remaining:               3/51
Number of signals used by logic mapping into function block:  3
Signal              Total   Imp   Exp Unused  Loc     Pin   Pin     Pin
Name                Pt      Pt    Pt  Pt               #    Type    Use
(unused)              0       0     0   5     FB9_1         (b)     
O<3>                  1       0     0   4     FB9_2   50    I/O     O
(unused)              0       0     0   5     FB9_3   51    I/O     
(unused)              0       0     0   5     FB9_4         (b)     
(unused)              0       0     0   5     FB9_5   52    I/O     
(unused)              0       0     0   5     FB9_6   53    I/O     
(unused)              0       0     0   5     FB9_7         (b)     
(unused)              0       0     0   5     FB9_8   54    I/O     
(unused)              0       0     0   5     FB9_9         (b)     
(unused)              0       0     0   5     FB9_10        (b)     
(unused)              0       0     0   5     FB9_11  56    I/O     
(unused)              0       0     0   5     FB9_12  57    I/O     
(unused)              0       0     0   5     FB9_13        (b)     
(unused)              0       0     0   5     FB9_14  58    I/O     
(unused)              0       0     0   5     FB9_15        (b)     
(unused)              0       0     0   5     FB9_16        (b)     
(unused)              0       0     0   5     FB9_17  59    I/O     
(unused)              0       0     0   5     FB9_18        (b)     

Signals Used by Logic in Function Block
  1: E                  2: I<0>               3: I<1> 

Signal                        1         2         3         4 FB
Name                0----+----0----+----0----+----0----+----0 Inputs
O<3>                 XXX..................................... 3
                    0----+----1----+----2----+----3----+----4
                              0         0         0         0
*********************************** FB10 ***********************************
Number of function block inputs used/remaining:               3/51
Number of signals used by logic mapping into function block:  3
Signal              Total   Imp   Exp Unused  Loc     Pin   Pin     Pin
Name                Pt      Pt    Pt  Pt               #    Type    Use
(unused)              0       0     0   5     FB10_1        (b)     
O<1>                  1       0     0   4     FB10_2  117   I/O     O
(unused)              0       0     0   5     FB10_3  118   I/O     
(unused)              0       0     0   5     FB10_4        (b)     
(unused)              0       0     0   5     FB10_5  119   I/O     
(unused)              0       0     0   5     FB10_6  120   I/O     
(unused)              0       0     0   5     FB10_7        (b)     
(unused)              0       0     0   5     FB10_8  121   I/O     
(unused)              0       0     0   5     FB10_9        (b)     
(unused)              0       0     0   5     FB10_10 124   I/O     
(unused)              0       0     0   5     FB10_11 125   I/O     
(unused)              0       0     0   5     FB10_12 126   I/O     
(unused)              0       0     0   5     FB10_13       (b)     
(unused)              0       0     0   5     FB10_14 128   I/O     
(unused)              0       0     0   5     FB10_15       (b)     
(unused)              0       0     0   5     FB10_16       (b)     
(unused)              0       0     0   5     FB10_17 129   I/O     
(unused)              0       0     0   5     FB10_18       (b)     

Signals Used by Logic in Function Block
  1: E                  2: I<0>               3: I<1> 

Signal                        1         2         3         4 FB
Name                0----+----0----+----0----+----0----+----0 Inputs
O<1>                 XXX..................................... 3
                    0----+----1----+----2----+----3----+----4
                              0         0         0         0
*********************************** FB11 ***********************************
Number of function block inputs used/remaining:               0/54
Number of signals used by logic mapping into function block:  0
Signal              Total   Imp   Exp Unused  Loc     Pin   Pin     Pin
Name                Pt      Pt    Pt  Pt               #    Type    Use
(unused)              0       0     0   5     FB11_1        (b)     
(unused)              0       0     0   5     FB11_2        (b)     
(unused)              0       0     0   5     FB11_3  60    I/O     
(unused)              0       0     0   5     FB11_4        (b)     
(unused)              0       0     0   5     FB11_5  61    I/O     
(unused)              0       0     0   5     FB11_6        (b)     
(unused)              0       0     0   5     FB11_7        (b)     
(unused)              0       0     0   5     FB11_8        (b)     
(unused)              0       0     0   5     FB11_9        (b)     
(unused)              0       0     0   5     FB11_10 64    I/O     
(unused)              0       0     0   5     FB11_11 66    I/O     
(unused)              0       0     0   5     FB11_12 68    I/O     
(unused)              0       0     0   5     FB11_13       (b)     
(unused)              0       0     0   5     FB11_14 69    I/O     
(unused)              0       0     0   5     FB11_15       (b)     
(unused)              0       0     0   5     FB11_16       (b)     
(unused)              0       0     0   5     FB11_17 70    I/O     
(unused)              0       0     0   5     FB11_18       (b)     
*********************************** FB12 ***********************************
Number of function block inputs used/remaining:               0/54
Number of signals used by logic mapping into function block:  0
Signal              Total   Imp   Exp Unused  Loc     Pin   Pin     Pin
Name                Pt      Pt    Pt  Pt               #    Type    Use
(unused)              0       0     0   5     FB12_1        (b)     
(unused)              0       0     0   5     FB12_2  110   I/O     
(unused)              0       0     0   5     FB12_3  111   I/O     
(unused)              0       0     0   5     FB12_4        (b)     
(unused)              0       0     0   5     FB12_5  112   I/O     
(unused)              0       0     0   5     FB12_6        (b)     
(unused)              0       0     0   5     FB12_7        (b)     
(unused)              0       0     0   5     FB12_8  113   I/O     
(unused)              0       0     0   5     FB12_9        (b)     
(unused)              0       0     0   5     FB12_10 115   I/O     
(unused)              0       0     0   5     FB12_11       (b)     
(unused)              0       0     0   5     FB12_12 116   I/O     
(unused)              0       0     0   5     FB12_13       (b)     
(unused)              0       0     0   5     FB12_14       (b)     
(unused)              0       0     0   5     FB12_15       (b)     
(unused)              0       0     0   5     FB12_16       (b)     
(unused)              0       0     0   5     FB12_17       (b)     
(unused)              0       0     0   5     FB12_18       (b)     
*********************************** FB13 ***********************************
Number of function block inputs used/remaining:               0/54
Number of signals used by logic mapping into function block:  0
Signal              Total   Imp   Exp Unused  Loc     Pin   Pin     Pin
Name                Pt      Pt    Pt  Pt               #    Type    Use
(unused)              0       0     0   5     FB13_1        (b)     
(unused)              0       0     0   5     FB13_2  71    I/O     
(unused)              0       0     0   5     FB13_3        (b)     
(unused)              0       0     0   5     FB13_4        (b)     
(unused)              0       0     0   5     FB13_5        (b)     
(unused)              0       0     0   5     FB13_6        (b)     
(unused)              0       0     0   5     FB13_7        (b)     
(unused)              0       0     0   5     FB13_8  74    I/O     
(unused)              0       0     0   5     FB13_9        (b)     
(unused)              0       0     0   5     FB13_10       (b)     
(unused)              0       0     0   5     FB13_11 75    I/O     
(unused)              0       0     0   5     FB13_12       (b)     
(unused)              0       0     0   5     FB13_13       (b)     
(unused)              0       0     0   5     FB13_14 76    I/O     
(unused)              0       0     0   5     FB13_15 77    I/O     
(unused)              0       0     0   5     FB13_16       (b)     
(unused)              0       0     0   5     FB13_17 78    I/O     
(unused)              0       0     0   5     FB13_18       (b)     
*********************************** FB14 ***********************************
Number of function block inputs used/remaining:               0/54
Number of signals used by logic mapping into function block:  0
Signal              Total   Imp   Exp Unused  Loc     Pin   Pin     Pin
Name                Pt      Pt    Pt  Pt               #    Type    Use
(unused)              0       0     0   5     FB14_1        (b)     
(unused)              0       0     0   5     FB14_2        (b)     
(unused)              0       0     0   5     FB14_3  100   I/O     
(unused)              0       0     0   5     FB14_4        (b)     
(unused)              0       0     0   5     FB14_5  101   I/O     
(unused)              0       0     0   5     FB14_6  102   I/O     
(unused)              0       0     0   5     FB14_7        (b)     
(unused)              0       0     0   5     FB14_8  103   I/O     
(unused)              0       0     0   5     FB14_9        (b)     
(unused)              0       0     0   5     FB14_10 104   I/O     
(unused)              0       0     0   5     FB14_11 105   I/O     
(unused)              0       0     0   5     FB14_12       (b)     
(unused)              0       0     0   5     FB14_13       (b)     
(unused)              0       0     0   5     FB14_14 106   I/O     
(unused)              0       0     0   5     FB14_15 107   I/O     
(unused)              0       0     0   5     FB14_16       (b)     
(unused)              0       0     0   5     FB14_17       (b)     
(unused)              0       0     0   5     FB14_18       (b)     
*********************************** FB15 ***********************************
Number of function block inputs used/remaining:               3/51
Number of signals used by logic mapping into function block:  3
Signal              Total   Imp   Exp Unused  Loc     Pin   Pin     Pin
Name                Pt      Pt    Pt  Pt               #    Type    Use
(unused)              0       0     0   5     FB15_1        (b)     
O<2>                  1       0     0   4     FB15_2  79    I/O     O
(unused)              0       0     0   5     FB15_3  80    I/O     
(unused)              0       0     0   5     FB15_4        (b)     
(unused)              0       0     0   5     FB15_5        (b)     
(unused)              0       0     0   5     FB15_6        (b)     
(unused)              0       0     0   5     FB15_7        (b)     
(unused)              0       0     0   5     FB15_8  81    I/O     
(unused)              0       0     0   5     FB15_9        (b)     
(unused)              0       0     0   5     FB15_10 82    I/O     
(unused)              0       0     0   5     FB15_11 83    I/O     
(unused)              0       0     0   5     FB15_12 85    I/O     
(unused)              0       0     0   5     FB15_13       (b)     
(unused)              0       0     0   5     FB15_14 86    I/O     
(unused)              0       0     0   5     FB15_15 87    I/O     
(unused)              0       0     0   5     FB15_16       (b)     
(unused)              0       0     0   5     FB15_17 88    I/O     
(unused)              0       0     0   5     FB15_18       (b)     

Signals Used by Logic in Function Block
  1: E                  2: I<0>               3: I<1> 

Signal                        1         2         3         4 FB
Name                0----+----0----+----0----+----0----+----0 Inputs
O<2>                 XXX..................................... 3
                    0----+----1----+----2----+----3----+----4
                              0         0         0         0
*********************************** FB16 ***********************************
Number of function block inputs used/remaining:               0/54
Number of signals used by logic mapping into function block:  0
Signal              Total   Imp   Exp Unused  Loc     Pin   Pin     Pin
Name                Pt      Pt    Pt  Pt               #    Type    Use
(unused)              0       0     0   5     FB16_1        (b)     
(unused)              0       0     0   5     FB16_2  91    I/O     
(unused)              0       0     0   5     FB16_3  92    I/O     
(unused)              0       0     0   5     FB16_4        (b)     
(unused)              0       0     0   5     FB16_5  93    I/O     
(unused)              0       0     0   5     FB16_6  94    I/O     I
(unused)              0       0     0   5     FB16_7        (b)     
(unused)              0       0     0   5     FB16_8  95    I/O     
(unused)              0       0     0   5     FB16_9        (b)     
(unused)              0       0     0   5     FB16_10 96    I/O     
(unused)              0       0     0   5     FB16_11 97    I/O     
(unused)              0       0     0   5     FB16_12 98    I/O     
(unused)              0       0     0   5     FB16_13       (b)     
(unused)              0       0     0   5     FB16_14       (b)     
(unused)              0       0     0   5     FB16_15       (b)     
(unused)              0       0     0   5     FB16_16       (b)     
(unused)              0       0     0   5     FB16_17       (b)     
(unused)              0       0     0   5     FB16_18       (b)     
*******************************  Equations  ********************************

********** Mapped Logic **********


O(0) <= (NOT I(1) AND NOT I(0) AND E);


O(1) <= (NOT I(1) AND I(0) AND E);


O(2) <= (I(1) AND NOT I(0) AND E);


O(3) <= (I(1) AND I(0) AND E);

Register Legend:
 FDCPE (Q,D,C,CLR,PRE,CE); 
 FTCPE (Q,D,C,CLR,PRE,CE); 
 LDCP  (Q,D,G,CLR,PRE); 

******************************  Device Pin Out *****************************

Device : XC95288XL-6-TQ144


Pin Signal                         Pin Signal                        
No. Name                           No. Name                          
  1 VCC                              73 VCC                           
  2 I<0>                             74 KPR                           
  3 KPR                              75 KPR                           
  4 KPR                              76 KPR                           
  5 KPR                              77 KPR                           
  6 KPR                              78 KPR                           
  7 KPR                              79 O<2>                          
  8 VCC                              80 KPR                           
  9 O<0>                             81 KPR                           
 10 KPR                              82 KPR                           
 11 KPR                              83 KPR                           
 12 KPR                              84 VCC                           
 13 KPR                              85 KPR                           
 14 KPR                              86 KPR                           
 15 KPR                              87 KPR                           
 16 KPR                              88 KPR                           
 17 KPR                              89 GND                           
 18 GND                              90 GND                           
 19 KPR                              91 KPR                           
 20 KPR                              92 KPR                           
 21 KPR                              93 KPR                           
 22 KPR                              94 E                             
 23 KPR                              95 KPR                           
 24 KPR                              96 KPR                           
 25 KPR                              97 KPR                           
 26 KPR                              98 KPR                           
 27 KPR                              99 GND                           
 28 KPR                             100 KPR                           
 29 GND                             101 KPR                           
 30 KPR                             102 KPR                           
 31 KPR                             103 KPR                           
 32 KPR                             104 KPR                           
 33 KPR                             105 KPR                           
 34 KPR                             106 KPR                           
 35 KPR                             107 KPR                           
 36 GND                             108 GND                           
 37 VCC                             109 VCC                           
 38 KPR                             110 KPR                           
 39 KPR                             111 KPR                           
 40 KPR                             112 KPR                           
 41 KPR                             113 KPR                           
 42 VCC                             114 GND                           
 43 KPR                             115 KPR                           
 44 KPR                             116 KPR                           
 45 KPR                             117 O<1>                          
 46 KPR                             118 KPR                           
 47 GND                             119 KPR                           
 48 KPR                             120 KPR                           
 49 KPR                             121 KPR                           
 50 O<3>                            122 TDO                           
 51 KPR                             123 GND                           
 52 KPR                             124 KPR                           
 53 KPR                             125 KPR                           
 54 KPR                             126 KPR                           
 55 VCC                             127 VCC                           
 56 KPR                             128 KPR                           
 57 KPR                             129 KPR                           
 58 KPR                             130 KPR                           
 59 KPR                             131 KPR                           
 60 KPR                             132 I<1>                          
 61 KPR                             133 KPR                           
 62 GND                             134 KPR                           
 63 TDI                             135 KPR                           
 64 KPR                             136 KPR                           
 65 TMS                             137 KPR                           
 66 KPR                             138 KPR                           
 67 TCK                             139 KPR                           
 68 KPR                             140 KPR                           
 69 KPR                             141 VCC                           
 70 KPR                             142 KPR                           
 71 KPR                             143 KPR                           
 72 GND                             144 GND                           


Legend :  NC  = Not Connected, unbonded pin
         PGND = Unused I/O configured as additional Ground pin
         TIE  = Unused I/O floating -- must tie to VCC, GND or other signal
         KPR  = Unused I/O with weak keeper (leave unconnected)
         VCC  = Dedicated Power Pin
         GND  = Dedicated Ground Pin
         TDI  = Test Data In, JTAG pin
         TDO  = Test Data Out, JTAG pin
         TCK  = Test Clock, JTAG pin
         TMS  = Test Mode Select, JTAG pin
  PROHIBITED  = User reserved pin
****************************  Compiler Options  ****************************

Following is a list of all global compiler options used by the fitter run.

Device(s) Specified                         : xc95288xl-6-TQ144
Optimization Method                         : SPEED
Multi-Level Logic Optimization              : ON
Ignore Timing Specifications                : OFF
Default Register Power Up Value             : LOW
Keep User Location Constraints              : ON
What-You-See-Is-What-You-Get                : OFF
Exhaustive Fitting                          : OFF
Keep Unused Inputs                          : OFF
Slew Rate                                   : FAST
Power Mode                                  : STD
Ground on Unused IOs                        : OFF
Set I/O Pin Termination                     : KEEPER
Global Clock Optimization                   : ON
Global Set/Reset Optimization               : ON
Global Ouput Enable Optimization            : ON
Input Limit                                 : 54
Pterm Limit                                 : 25
