Release 14.7 - xst P.20131013 (nt64)
Copyright (c) 1995-2013 Xilinx, Inc.  All rights reserved.
--> Parameter TMPDIR set to xst/projnav.tmp


Total REAL time to Xst completion: 0.00 secs
Total CPU time to Xst completion: 0.08 secs
 
--> Parameter xsthdpdir set to xst


Total REAL time to Xst completion: 0.00 secs
Total CPU time to Xst completion: 0.09 secs
 
--> Reading design: HW3.prj

TABLE OF CONTENTS
  1) Synthesis Options Summary
  2) HDL Compilation
  3) Design Hierarchy Analysis
  4) HDL Analysis
  5) HDL Synthesis
     5.1) HDL Synthesis Report
  6) Advanced HDL Synthesis
     6.1) Advanced HDL Synthesis Report
  7) Low Level Synthesis
  8) Partition Report
  9) Final Report
	9.1) Device utilization summary
	9.2) Partition Resource Summary
	9.3) TIMING REPORT


=========================================================================
*                      Synthesis Options Summary                        *
=========================================================================
---- Source Parameters
Input File Name                    : "HW3.prj"
Input Format                       : mixed
Ignore Synthesis Constraint File   : NO

---- Target Parameters
Output File Name                   : "HW3"
Output Format                      : NGC
Target Device                      : xc3s50-5-pq208

---- Source Options
Top Module Name                    : HW3
Automatic FSM Extraction           : YES
FSM Encoding Algorithm             : Auto
Safe Implementation                : No
FSM Style                          : LUT
RAM Extraction                     : Yes
RAM Style                          : Auto
ROM Extraction                     : Yes
Mux Style                          : Auto
Decoder Extraction                 : YES
Priority Encoder Extraction        : Yes
Shift Register Extraction          : YES
Logical Shifter Extraction         : YES
XOR Collapsing                     : YES
ROM Style                          : Auto
Mux Extraction                     : Yes
Resource Sharing                   : YES
Asynchronous To Synchronous        : NO
Multiplier Style                   : Auto
Automatic Register Balancing       : No

---- Target Options
Add IO Buffers                     : YES
Global Maximum Fanout              : 100000
Add Generic Clock Buffer(BUFG)     : 8
Register Duplication               : YES
Slice Packing                      : YES
Optimize Instantiated Primitives   : NO
Use Clock Enable                   : Yes
Use Synchronous Set                : Yes
Use Synchronous Reset              : Yes
Pack IO Registers into IOBs        : Auto
Equivalent register Removal        : YES

---- General Options
Optimization Goal                  : Speed
Optimization Effort                : 1
Keep Hierarchy                     : No
Netlist Hierarchy                  : As_Optimized
RTL Output                         : Yes
Global Optimization                : AllClockNets
Read Cores                         : YES
Write Timing Constraints           : NO
Cross Clock Analysis               : NO
Hierarchy Separator                : /
Bus Delimiter                      : <>
Case Specifier                     : Maintain
Slice Utilization Ratio            : 100
BRAM Utilization Ratio             : 100
Verilog 2001                       : YES
Auto BRAM Packing                  : NO
Slice Utilization Ratio Delta      : 5

=========================================================================


=========================================================================
*                          HDL Compilation                              *
=========================================================================
Compiling verilog file "HW3.v" in library work
Module <HW3> compiled
No errors in compilation
Analysis of file <"HW3.prj"> succeeded.
 

=========================================================================
*                     Design Hierarchy Analysis                         *
=========================================================================
Analyzing hierarchy for module <HW3> in library <work> with parameters.
	S0 = "0000"
	S1 = "0001"
	S10 = "1010"
	S11 = "1011"
	S12 = "1100"
	S13 = "1101"
	S14 = "1110"
	S2 = "0010"
	S3 = "0011"
	S4 = "0100"
	S5 = "0101"
	S6 = "0110"
	S7 = "0111"
	S8 = "1000"
	S9 = "1001"


=========================================================================
*                            HDL Analysis                               *
=========================================================================
Analyzing top module <HW3>.
	S0 = 4'b0000
	S1 = 4'b0001
	S10 = 4'b1010
	S11 = 4'b1011
	S12 = 4'b1100
	S13 = 4'b1101
	S14 = 4'b1110
	S2 = 4'b0010
	S3 = 4'b0011
	S4 = 4'b0100
	S5 = 4'b0101
	S6 = 4'b0110
	S7 = 4'b0111
	S8 = 4'b1000
	S9 = 4'b1001
Module <HW3> is correct for synthesis.
 

=========================================================================
*                           HDL Synthesis                               *
=========================================================================

Performing bidirectional port resolution...

Synthesizing Unit <HW3>.
    Related source file is "HW3.v".
    Using one-hot encoding for signal <Reminder>.
    Found 16x9-bit ROM for signal <PS$rom0000>.
    Found 64x4-bit ROM for signal <NS$mux0000>.
    Found 1-bit register for signal <Out100>.
    Found 1-bit register for signal <Out200>.
    Found 1-bit register for signal <Out500>.
    Found 5-bit up counter for signal <cnt>.
    Found 4-bit register for signal <PS>.
    Found 8-bit register for signal <Reminder>.
    Summary:
	inferred   2 ROM(s).
	inferred   1 Counter(s).
	inferred  15 D-type flip-flop(s).
Unit <HW3> synthesized.


=========================================================================
HDL Synthesis Report

Macro Statistics
# ROMs                                                 : 2
 16x9-bit ROM                                          : 1
 64x4-bit ROM                                          : 1
# Counters                                             : 1
 5-bit up counter                                      : 1
# Registers                                            : 5
 1-bit register                                        : 3
 4-bit register                                        : 1
 8-bit register                                        : 1

=========================================================================

=========================================================================
*                       Advanced HDL Synthesis                          *
=========================================================================

WARNING:Xst:1710 - FF/Latch <Reminder_0> (without init value) has a constant value of 0 in block <HW3>. This FF/Latch will be trimmed during the optimization process.
WARNING:Xst:1895 - Due to other FF/Latch trimming, FF/Latch <Reminder_1> (without init value) has a constant value of 0 in block <HW3>. This FF/Latch will be trimmed during the optimization process.
WARNING:Xst:1895 - Due to other FF/Latch trimming, FF/Latch <Reminder_2> (without init value) has a constant value of 0 in block <HW3>. This FF/Latch will be trimmed during the optimization process.
WARNING:Xst:1895 - Due to other FF/Latch trimming, FF/Latch <Reminder_3> (without init value) has a constant value of 1 in block <HW3>. This FF/Latch will be trimmed during the optimization process.
WARNING:Xst:1895 - Due to other FF/Latch trimming, FF/Latch <Reminder_4> (without init value) has a constant value of 0 in block <HW3>. This FF/Latch will be trimmed during the optimization process.
WARNING:Xst:1895 - Due to other FF/Latch trimming, FF/Latch <Reminder_5> (without init value) has a constant value of 0 in block <HW3>. This FF/Latch will be trimmed during the optimization process.
WARNING:Xst:1895 - Due to other FF/Latch trimming, FF/Latch <Reminder_6> (without init value) has a constant value of 0 in block <HW3>. This FF/Latch will be trimmed during the optimization process.
WARNING:Xst:2677 - Node <Reminder_7> of sequential type is unconnected in block <HW3>.

Synthesizing (advanced) Unit <HW3>.
INFO:Xst:3021 - HDL ADVISOR - Asynchronous or synchronous initialization of the register <PS> prevents it from being combined with the ROM <Mrom_PS_rom0000> for implementation as read-only block RAM.
Unit <HW3> synthesized (advanced).
WARNING:Xst:2677 - Node <Reminder_7> of sequential type is unconnected in block <HW3>.

=========================================================================
Advanced HDL Synthesis Report

Macro Statistics
# ROMs                                                 : 2
 16x9-bit ROM                                          : 1
 64x4-bit ROM                                          : 1
# Counters                                             : 1
 5-bit up counter                                      : 1
# Registers                                            : 14
 Flip-Flops                                            : 14

=========================================================================

=========================================================================
*                         Low Level Synthesis                           *
=========================================================================
WARNING:Xst:1710 - FF/Latch <Reminder_0> (without init value) has a constant value of 0 in block <HW3>. This FF/Latch will be trimmed during the optimization process.
WARNING:Xst:1895 - Due to other FF/Latch trimming, FF/Latch <Reminder_1> (without init value) has a constant value of 0 in block <HW3>. This FF/Latch will be trimmed during the optimization process.
WARNING:Xst:1895 - Due to other FF/Latch trimming, FF/Latch <Reminder_2> (without init value) has a constant value of 0 in block <HW3>. This FF/Latch will be trimmed during the optimization process.
WARNING:Xst:1895 - Due to other FF/Latch trimming, FF/Latch <Reminder_3> (without init value) has a constant value of 1 in block <HW3>. This FF/Latch will be trimmed during the optimization process.
WARNING:Xst:1895 - Due to other FF/Latch trimming, FF/Latch <Reminder_4> (without init value) has a constant value of 0 in block <HW3>. This FF/Latch will be trimmed during the optimization process.
WARNING:Xst:1895 - Due to other FF/Latch trimming, FF/Latch <Reminder_5> (without init value) has a constant value of 0 in block <HW3>. This FF/Latch will be trimmed during the optimization process.
WARNING:Xst:1895 - Due to other FF/Latch trimming, FF/Latch <Reminder_6> (without init value) has a constant value of 0 in block <HW3>. This FF/Latch will be trimmed during the optimization process.

ERROR:Xst:528 - Multi-source in Unit <HW3> on signal <N0>; this signal is connected to multiple drivers.
Drivers are: 
   Output port doA<1> of instance <Mrom_PS_rom0000> of inferred macro ROM
   Output port doA<2> of instance <Mrom_PS_rom0000> of inferred macro ROM
   Output port doA<3> of instance <Mrom_PS_rom0000> of inferred macro ROM
   Output port doA<5> of instance <Mrom_PS_rom0000> of inferred macro ROM
   Output port doA<6> of instance <Mrom_PS_rom0000> of inferred macro ROM
   Output port doA<7> of instance <Mrom_PS_rom0000> of inferred macro ROM
   Signal <N0> in Unit <HW3> is assigned to GND

ERROR:Xst:528 - Multi-source in Unit <HW3> on signal <N1>; this signal is connected to multiple drivers.
Drivers are: 
   Output port doA<4> of instance <Mrom_PS_rom0000> of inferred macro ROM
   Signal <N1> in Unit <HW3> is assigned to VCC


Total REAL time to Xst completion: 4.00 secs
Total CPU time to Xst completion: 4.33 secs
 
--> 

Total memory usage is 230672 kilobytes

Number of errors   :    2 (   0 filtered)
Number of warnings :   16 (   0 filtered)
Number of infos    :    1 (   0 filtered)

