--------------------------------------------------------------------------------
Release 14.7 Trace  (nt64)
Copyright (c) 1995-2013 Xilinx, Inc.  All rights reserved.

E:\Xilinx\14.7\ISE_DS\ISE\bin\nt64\unwrapped\trce.exe -intstyle ise -v 3 -s 5
-n 3 -fastpaths -xml FA_SUB_8bit.twx FA_SUB_8bit.ncd -o FA_SUB_8bit.twr
FA_SUB_8bit.pcf

Design file:              FA_SUB_8bit.ncd
Physical constraint file: FA_SUB_8bit.pcf
Device,package,speed:     xc3s50,tq144,-5 (PRODUCTION 1.39 2013-10-13)
Report level:             verbose report

Environment Variable      Effect 
--------------------      ------ 
NONE                      No environment variables were set
--------------------------------------------------------------------------------

INFO:Timing:2698 - No timing constraints found, doing default enumeration.
INFO:Timing:3412 - To improve timing, see the Timing Closure User Guide (UG612).
INFO:Timing:2752 - To get complete path coverage, use the unconstrained paths 
   option. All paths that are not constrained will be reported in the 
   unconstrained paths section(s) of the report.
INFO:Timing:3339 - The clock-to-out numbers in this timing report are based on 
   a 50 Ohm transmission line loading model.  For the details of this model, 
   and for more information on accounting for different loading conditions, 
   please see the device datasheet.
INFO:Timing:3390 - This architecture does not support a default System Jitter 
   value, please add SYSTEM_JITTER constraint to the UCF to modify the Clock 
   Uncertainty calculation.
INFO:Timing:3389 - This architecture does not support 'Discrete Jitter' and 
   'Phase Error' calculations, these terms will be zero in the Clock 
   Uncertainty calculation.  Please make appropriate modification to 
   SYSTEM_JITTER to account for the unsupported Discrete Jitter and Phase 
   Error.



Data Sheet report:
-----------------
All values displayed in nanoseconds (ns)

Pad to Pad
---------------+---------------+---------+
Source Pad     |Destination Pad|  Delay  |
---------------+---------------+---------+
A<0>           |Cout           |   13.197|
A<0>           |S<0>           |    7.421|
A<0>           |S<1>           |    8.455|
A<0>           |S<2>           |    9.004|
A<0>           |S<3>           |    9.950|
A<0>           |S<4>           |   10.488|
A<0>           |S<5>           |   11.201|
A<0>           |S<6>           |   11.829|
A<0>           |S<7>           |   12.937|
A<1>           |Cout           |   13.208|
A<1>           |S<1>           |    8.466|
A<1>           |S<2>           |    9.015|
A<1>           |S<3>           |    9.961|
A<1>           |S<4>           |   10.499|
A<1>           |S<5>           |   11.212|
A<1>           |S<6>           |   11.840|
A<1>           |S<7>           |   12.948|
A<2>           |Cout           |   13.428|
A<2>           |S<2>           |    9.235|
A<2>           |S<3>           |   10.181|
A<2>           |S<4>           |   10.719|
A<2>           |S<5>           |   11.432|
A<2>           |S<6>           |   12.060|
A<2>           |S<7>           |   13.168|
A<3>           |Cout           |   11.750|
A<3>           |S<3>           |    8.503|
A<3>           |S<4>           |    9.041|
A<3>           |S<5>           |    9.754|
A<3>           |S<6>           |   10.382|
A<3>           |S<7>           |   11.490|
A<4>           |Cout           |   11.359|
A<4>           |S<4>           |    8.650|
A<4>           |S<5>           |    9.363|
A<4>           |S<6>           |    9.991|
A<4>           |S<7>           |   11.099|
A<5>           |Cout           |   10.805|
A<5>           |S<5>           |    8.809|
A<5>           |S<6>           |    9.437|
A<5>           |S<7>           |   10.545|
A<6>           |Cout           |    9.711|
A<6>           |S<6>           |    8.343|
A<6>           |S<7>           |    9.451|
A<7>           |Cout           |    8.099|
A<7>           |S<7>           |    7.839|
B<0>           |Cout           |   12.524|
B<0>           |S<0>           |    6.276|
B<0>           |S<1>           |    7.782|
B<0>           |S<2>           |    8.331|
B<0>           |S<3>           |    9.277|
B<0>           |S<4>           |    9.815|
B<0>           |S<5>           |   10.528|
B<0>           |S<6>           |   11.156|
B<0>           |S<7>           |   12.264|
B<1>           |Cout           |   13.002|
B<1>           |S<1>           |    8.260|
B<1>           |S<2>           |    8.809|
B<1>           |S<3>           |    9.755|
B<1>           |S<4>           |   10.293|
B<1>           |S<5>           |   11.006|
B<1>           |S<6>           |   11.634|
B<1>           |S<7>           |   12.742|
B<2>           |Cout           |   12.992|
B<2>           |S<2>           |    8.799|
B<2>           |S<3>           |    9.745|
B<2>           |S<4>           |   10.283|
B<2>           |S<5>           |   10.996|
B<2>           |S<6>           |   11.624|
B<2>           |S<7>           |   12.732|
B<3>           |Cout           |   11.198|
B<3>           |S<3>           |    7.951|
B<3>           |S<4>           |    8.489|
B<3>           |S<5>           |    9.202|
B<3>           |S<6>           |    9.830|
B<3>           |S<7>           |   10.938|
B<4>           |Cout           |   10.726|
B<4>           |S<4>           |    8.017|
B<4>           |S<5>           |    8.730|
B<4>           |S<6>           |    9.358|
B<4>           |S<7>           |   10.466|
B<5>           |Cout           |   10.031|
B<5>           |S<5>           |    8.035|
B<5>           |S<6>           |    8.663|
B<5>           |S<7>           |    9.771|
B<6>           |Cout           |    9.621|
B<6>           |S<6>           |    8.253|
B<6>           |S<7>           |    9.361|
B<7>           |Cout           |    7.934|
B<7>           |S<7>           |    7.674|
Sub            |Cout           |   13.388|
Sub            |S<1>           |    8.646|
Sub            |S<2>           |    9.195|
Sub            |S<3>           |   10.141|
Sub            |S<4>           |   10.679|
Sub            |S<5>           |   11.392|
Sub            |S<6>           |   12.020|
Sub            |S<7>           |   13.128|
---------------+---------------+---------+


Analysis completed Sat Mar 11 16:51:54 2017 
--------------------------------------------------------------------------------

Trace Settings:
-------------------------
Trace Settings 

Peak Memory Usage: 139 MB



