Release 14.7 - xst P.20131013 (nt64)
Copyright (c) 1995-2013 Xilinx, Inc.  All rights reserved.
--> Parameter TMPDIR set to xst/projnav.tmp


Total REAL time to Xst completion: 0.00 secs
Total CPU time to Xst completion: 0.08 secs
 
--> Parameter xsthdpdir set to xst


Total REAL time to Xst completion: 0.00 secs
Total CPU time to Xst completion: 0.08 secs
 
--> Reading design: FA_SUB_8bit.prj

TABLE OF CONTENTS
  1) Synthesis Options Summary
  2) HDL Compilation
  3) Design Hierarchy Analysis
  4) HDL Analysis
  5) HDL Synthesis
     5.1) HDL Synthesis Report
  6) Advanced HDL Synthesis
     6.1) Advanced HDL Synthesis Report
  7) Low Level Synthesis
  8) Partition Report
  9) Final Report
	9.1) Device utilization summary
	9.2) Partition Resource Summary
	9.3) TIMING REPORT


=========================================================================
*                      Synthesis Options Summary                        *
=========================================================================
---- Source Parameters
Input File Name                    : "FA_SUB_8bit.prj"
Input Format                       : mixed
Ignore Synthesis Constraint File   : NO

---- Target Parameters
Output File Name                   : "FA_SUB_8bit"
Output Format                      : NGC
Target Device                      : xc3s50-5-tq144

---- Source Options
Top Module Name                    : FA_SUB_8bit
Automatic FSM Extraction           : YES
FSM Encoding Algorithm             : Auto
Safe Implementation                : No
FSM Style                          : LUT
RAM Extraction                     : Yes
RAM Style                          : Auto
ROM Extraction                     : Yes
Mux Style                          : Auto
Decoder Extraction                 : YES
Priority Encoder Extraction        : Yes
Shift Register Extraction          : YES
Logical Shifter Extraction         : YES
XOR Collapsing                     : YES
ROM Style                          : Auto
Mux Extraction                     : Yes
Resource Sharing                   : YES
Asynchronous To Synchronous        : NO
Multiplier Style                   : Auto
Automatic Register Balancing       : No

---- Target Options
Add IO Buffers                     : YES
Global Maximum Fanout              : 100000
Add Generic Clock Buffer(BUFG)     : 8
Register Duplication               : YES
Slice Packing                      : YES
Optimize Instantiated Primitives   : NO
Use Clock Enable                   : Yes
Use Synchronous Set                : Yes
Use Synchronous Reset              : Yes
Pack IO Registers into IOBs        : Auto
Equivalent register Removal        : YES

---- General Options
Optimization Goal                  : Speed
Optimization Effort                : 1
Keep Hierarchy                     : No
Netlist Hierarchy                  : As_Optimized
RTL Output                         : Yes
Global Optimization                : AllClockNets
Read Cores                         : YES
Write Timing Constraints           : NO
Cross Clock Analysis               : NO
Hierarchy Separator                : /
Bus Delimiter                      : <>
Case Specifier                     : Maintain
Slice Utilization Ratio            : 100
BRAM Utilization Ratio             : 100
Verilog 2001                       : YES
Auto BRAM Packing                  : NO
Slice Utilization Ratio Delta      : 5

=========================================================================


=========================================================================
*                          HDL Compilation                              *
=========================================================================
Compiling verilog file "HA.v" in library work
Compiling verilog file "FA.v" in library work
Module <HA> compiled
Compiling verilog file "FA_4bit.v" in library work
Module <FA> compiled
Compiling verilog file "FA_SUB_8bit.v" in library work
Module <FA_4bit> compiled
Module <FA_SUB_8bit> compiled
No errors in compilation
Analysis of file <"FA_SUB_8bit.prj"> succeeded.
 

=========================================================================
*                     Design Hierarchy Analysis                         *
=========================================================================
Analyzing hierarchy for module <FA_SUB_8bit> in library <work>.

Analyzing hierarchy for module <FA_4bit> in library <work>.

Analyzing hierarchy for module <FA> in library <work>.

Analyzing hierarchy for module <HA> in library <work>.


=========================================================================
*                            HDL Analysis                               *
=========================================================================
Analyzing top module <FA_SUB_8bit>.
Module <FA_SUB_8bit> is correct for synthesis.
 
Analyzing module <FA_4bit> in library <work>.
Module <FA_4bit> is correct for synthesis.
 
Analyzing module <FA> in library <work>.
Module <FA> is correct for synthesis.
 
Analyzing module <HA> in library <work>.
Module <HA> is correct for synthesis.
 

=========================================================================
*                           HDL Synthesis                               *
=========================================================================

Performing bidirectional port resolution...

Synthesizing Unit <HA>.
    Related source file is "HA.v".
    Found 1-bit adder carry out for signal <AUX_1$addsub0000>.
    Summary:
	inferred   1 Adder/Subtractor(s).
Unit <HA> synthesized.


Synthesizing Unit <FA>.
    Related source file is "FA.v".
Unit <FA> synthesized.


Synthesizing Unit <FA_4bit>.
    Related source file is "FA_4bit.v".
Unit <FA_4bit> synthesized.


Synthesizing Unit <FA_SUB_8bit>.
    Related source file is "FA_SUB_8bit.v".
    Found 1-bit xor2 for signal <Cout>.
Unit <FA_SUB_8bit> synthesized.


=========================================================================
HDL Synthesis Report

Macro Statistics
# Adders/Subtractors                                   : 16
 1-bit adder carry out                                 : 16
# Xors                                                 : 1
 1-bit xor2                                            : 1

=========================================================================

=========================================================================
*                       Advanced HDL Synthesis                          *
=========================================================================


=========================================================================
Advanced HDL Synthesis Report

Macro Statistics
# Adders/Subtractors                                   : 16
 1-bit adder carry out                                 : 16
# Xors                                                 : 1
 1-bit xor2                                            : 1

=========================================================================

=========================================================================
*                         Low Level Synthesis                           *
=========================================================================

Optimizing unit <FA_SUB_8bit> ...

Mapping all equations...
Building and optimizing final netlist ...
Found area constraint ratio of 100 (+ 5) on block FA_SUB_8bit, actual ratio is 1.

Final Macro Processing ...

=========================================================================
Final Register Report

Found no macro
=========================================================================

=========================================================================
*                           Partition Report                            *
=========================================================================

Partition Implementation Status
-------------------------------

  No Partitions were found in this design.

-------------------------------

=========================================================================
*                            Final Report                               *
=========================================================================
Final Results
RTL Top Level Output File Name     : FA_SUB_8bit.ngr
Top Level Output File Name         : FA_SUB_8bit
Output Format                      : NGC
Optimization Goal                  : Speed
Keep Hierarchy                     : No

Design Statistics
# IOs                              : 26

Cell Usage :
# BELS                             : 20
#      LUT2                        : 1
#      LUT3                        : 5
#      LUT4                        : 11
#      MUXF5                       : 3
# IO Buffers                       : 26
#      IBUF                        : 17
#      OBUF                        : 9
=========================================================================

Device utilization summary:
---------------------------

Selected Device : 3s50tq144-5 

 Number of Slices:                        9  out of    768     1%  
 Number of 4 input LUTs:                 17  out of   1536     1%  
 Number of IOs:                          26
 Number of bonded IOBs:                  26  out of     97    26%  

---------------------------
Partition Resource Summary:
---------------------------

  No Partitions were found in this design.

---------------------------


=========================================================================
TIMING REPORT

NOTE: THESE TIMING NUMBERS ARE ONLY A SYNTHESIS ESTIMATE.
      FOR ACCURATE TIMING INFORMATION PLEASE REFER TO THE TRACE REPORT
      GENERATED AFTER PLACE-and-ROUTE.

Clock Information:
------------------
No clock signals found in this design

Asynchronous Control Signals Information:
----------------------------------------
No asynchronous control signals found in this design

Timing Summary:
---------------
Speed Grade: -5

   Minimum period: No path found
   Minimum input arrival time before clock: No path found
   Maximum output required time after clock: No path found
   Maximum combinational path delay: 17.620ns

Timing Detail:
--------------
All values displayed in nanoseconds (ns)

=========================================================================
Timing constraint: Default path analysis
  Total number of paths / destination ports: 307 / 9
-------------------------------------------------------------------------
Delay:               17.620ns (Levels of Logic = 12)
  Source:            Sub (PAD)
  Destination:       Cout (PAD)

  Data Path: Sub to Cout
                                Gate     Net
    Cell:in->out      fanout   Delay   Delay  Logical Name (Net Name)
    ----------------------------------------  ------------
     IBUF:I->O            11   0.715   1.142  Sub_IBUF (Sub_IBUF)
     LUT3:I1->O            3   0.479   1.066  FA_4bit_ins1/FA_ins3/HA_ins1/Madd_AUX_1_addsub0000_lut<0>1 (FA_4bit_ins1/FA_ins3/HA_ins1/Madd_AUX_1_addsub0000_lut<0>)
     LUT4:I0->O            1   0.479   0.000  FA_4bit_ins1/FA_ins3/HA_ins2/Madd_AUX_1_addsub0000_lut<0>11 (FA_4bit_ins1/FA_ins3/HA_ins2/Madd_AUX_1_addsub0000_lut<0>1)
     MUXF5:I1->O           2   0.314   0.768  FA_4bit_ins1/FA_ins3/HA_ins2/Madd_AUX_1_addsub0000_lut<0>1_f5 (S_2_OBUF)
     LUT4:I3->O            2   0.479   0.768  FA_4bit_ins1/FA_ins4/HA_ins2/Madd_AUX_1_addsub0000_lut<0>1 (S_3_OBUF)
     LUT4:I3->O            2   0.479   0.768  FA_4bit_ins2/FA_ins1/HA_ins2/Madd_AUX_1_addsub0000_lut<0>1 (S_4_OBUF)
     LUT4:I3->O            2   0.479   0.768  FA_4bit_ins2/FA_ins2/HA_ins2/Madd_AUX_1_addsub0000_lut<0>1 (S_5_OBUF)
     LUT4:I3->O            2   0.479   0.768  FA_4bit_ins2/FA_ins3/HA_ins2/Madd_AUX_1_addsub0000_lut<0>1 (S_6_OBUF)
     LUT4:I3->O            1   0.479   0.000  FA_4bit_ins2/FA_ins4/HA_ins2/Madd_AUX_1_addsub0000_lut<0>11 (FA_4bit_ins2/FA_ins4/HA_ins2/Madd_AUX_1_addsub0000_lut<0>1)
     MUXF5:I1->O           2   0.314   0.804  FA_4bit_ins2/FA_ins4/HA_ins2/Madd_AUX_1_addsub0000_lut<0>1_f5 (S_7_OBUF)
     LUT4:I2->O            1   0.479   0.681  Mxor_Cout_Result1 (Cout_OBUF)
     OBUF:I->O                 4.909          Cout_OBUF (Cout)
    ----------------------------------------
    Total                     17.620ns (10.084ns logic, 7.536ns route)
                                       (57.2% logic, 42.8% route)

=========================================================================


Total REAL time to Xst completion: 5.00 secs
Total CPU time to Xst completion: 4.34 secs
 
--> 

Total memory usage is 289560 kilobytes

Number of errors   :    0 (   0 filtered)
Number of warnings :    0 (   0 filtered)
Number of infos    :    0 (   0 filtered)

