Running: C:\Xilinx\14.4\ISE_DS\ISE\bin\nt64\unwrapped\fuse.exe -intstyle ise -incremental -lib unisims_ver -lib unimacro_ver -lib xilinxcorelib_ver -o G:/1-Yazd University/FPGA/2th 95-96/Project/Sin_t/Sin_t/Sin_t_tb_isim_beh.exe -prj G:/1-Yazd University/FPGA/2th 95-96/Project/Sin_t/Sin_t/Sin_t_tb_beh.prj work.Sin_t_tb work.glbl 
ISim P.49d (signature 0x7708f090)
Number of CPUs detected in this system: 4
Turning on mult-threading, number of parallel sub-compilation jobs: 8 
Determining compilation order of HDL files
Analyzing Verilog file "G:/1-Yazd University/FPGA/2th 95-96/Project/Sin_t/Sin_t/ipcore_dir/Sin_RAM.v" into library work
Analyzing Verilog file "G:/1-Yazd University/FPGA/2th 95-96/Project/Sin_t/Sin_t/Sin_t.v" into library work
Analyzing Verilog file "G:/1-Yazd University/FPGA/2th 95-96/Project/Sin_t/Sin_t/Sin_t_tb.v" into library work
Analyzing Verilog file "C:/Xilinx/14.4/ISE_DS/ISE//verilog/src/glbl.v" into library work
Starting static elaboration
Completed static elaboration
Compiling module BLK_MEM_GEN_V7_3_output_stage(C_...
Compiling module BLK_MEM_GEN_V7_3_softecc_output_...
Compiling module BLK_MEM_GEN_V7_3_mem_module(C_CO...
Compiling module BLK_MEM_GEN_V7_3(C_FAMILY="spart...
Compiling module Sin_RAM
Compiling module Sin_t
Compiling module Sin_t_tb
Compiling module glbl
Time Resolution for simulation is 1ps.
Waiting for 1 sub-compilation(s) to finish...
Compiled 8 Verilog Units
Built simulation executable G:/1-Yazd University/FPGA/2th 95-96/Project/Sin_t/Sin_t/Sin_t_tb_isim_beh.exe
Fuse Memory Usage: 32016 KB
Fuse CPU Usage: 780 ms
