ISim log file
Running: G:\1-Yazd University\FPGA\2th 95-96\Project\Sin_t\Sin_t\Sin_t_tb_isim_beh.exe -intstyle ise -gui -tclbatch isim.cmd -wdb G:/1-Yazd University/FPGA/2th 95-96/Project/Sin_t/Sin_t/Sin_t_tb_isim_beh.wdb 
ISim P.49d (signature 0x7708f090)
This is a Full version of ISim.
Time resolution is 1 ps
# onerror resume
# wave add /
# run 1000 ns
Simulator is doing circuit initialization process.
 Block Memory Generator CORE Generator module loading initial data...
 Block Memory Generator data initialization complete.
Block Memory Generator CORE Generator module Sin_t_tb.uut.your_instance_name.inst.\native_mem_module.blk_mem_gen_v7_3_inst  is using a behavioral model for simulation which will not precisely model memory collision behavior.
Finished circuit initialization process.
# restart
# run 1.00us
Simulator is doing circuit initialization process.
 Block Memory Generator CORE Generator module loading initial data...
 Block Memory Generator data initialization complete.
Block Memory Generator CORE Generator module Sin_t_tb.uut.your_instance_name.inst.\native_mem_module.blk_mem_gen_v7_3_inst  is using a behavioral model for simulation which will not precisely model memory collision behavior.
Finished circuit initialization process.
