Release 14.7 - xst P.20131013 (nt64)
Copyright (c) 1995-2013 Xilinx, Inc.  All rights reserved.
--> Parameter TMPDIR set to xst/projnav.tmp


Total REAL time to Xst completion: 0.00 secs
Total CPU time to Xst completion: 0.09 secs
 
--> Parameter xsthdpdir set to xst


Total REAL time to Xst completion: 0.00 secs
Total CPU time to Xst completion: 0.09 secs
 
--> Reading design: Frequence_Meter.prj

TABLE OF CONTENTS
  1) Synthesis Options Summary
  2) HDL Compilation
  3) Design Hierarchy Analysis
  4) HDL Analysis
  5) HDL Synthesis
     5.1) HDL Synthesis Report
  6) Advanced HDL Synthesis
     6.1) Advanced HDL Synthesis Report
  7) Low Level Synthesis
  8) Partition Report
  9) Final Report
	9.1) Device utilization summary
	9.2) Partition Resource Summary
	9.3) TIMING REPORT


=========================================================================
*                      Synthesis Options Summary                        *
=========================================================================
---- Source Parameters
Input File Name                    : "Frequence_Meter.prj"
Input Format                       : mixed
Ignore Synthesis Constraint File   : NO

---- Target Parameters
Output File Name                   : "Frequence_Meter"
Output Format                      : NGC
Target Device                      : xc3s200-5-pq208

---- Source Options
Top Module Name                    : Frequence_Meter
Automatic FSM Extraction           : YES
FSM Encoding Algorithm             : Auto
Safe Implementation                : No
FSM Style                          : LUT
RAM Extraction                     : Yes
RAM Style                          : Auto
ROM Extraction                     : Yes
Mux Style                          : Auto
Decoder Extraction                 : YES
Priority Encoder Extraction        : Yes
Shift Register Extraction          : YES
Logical Shifter Extraction         : YES
XOR Collapsing                     : YES
ROM Style                          : Auto
Mux Extraction                     : Yes
Resource Sharing                   : YES
Asynchronous To Synchronous        : NO
Multiplier Style                   : Auto
Automatic Register Balancing       : No

---- Target Options
Add IO Buffers                     : YES
Global Maximum Fanout              : 500
Add Generic Clock Buffer(BUFG)     : 8
Register Duplication               : YES
Slice Packing                      : YES
Optimize Instantiated Primitives   : NO
Use Clock Enable                   : Yes
Use Synchronous Set                : Yes
Use Synchronous Reset              : Yes
Pack IO Registers into IOBs        : Auto
Equivalent register Removal        : YES

---- General Options
Optimization Goal                  : Speed
Optimization Effort                : 1
Keep Hierarchy                     : No
Netlist Hierarchy                  : As_Optimized
RTL Output                         : Yes
Global Optimization                : AllClockNets
Read Cores                         : YES
Write Timing Constraints           : NO
Cross Clock Analysis               : NO
Hierarchy Separator                : /
Bus Delimiter                      : <>
Case Specifier                     : Maintain
Slice Utilization Ratio            : 100
BRAM Utilization Ratio             : 100
Verilog 2001                       : YES
Auto BRAM Packing                  : NO
Slice Utilization Ratio Delta      : 5

=========================================================================


=========================================================================
*                          HDL Compilation                              *
=========================================================================
Compiling verilog file "frequence_measure.v" in library work
Compiling verilog file "Edge_Detector.v" in library work
Module <frequence_measure> compiled
Compiling verilog file "Frequence_Meter.v" in library work
Module <Edge_Detector> compiled
Module <Frequence_Meter> compiled
No errors in compilation
Analysis of file <"Frequence_Meter.prj"> succeeded.
 

=========================================================================
*                     Design Hierarchy Analysis                         *
=========================================================================
Analyzing hierarchy for module <Frequence_Meter> in library <work>.

Analyzing hierarchy for module <Edge_Detector> in library <work>.

Analyzing hierarchy for module <frequence_measure> in library <work>.


=========================================================================
*                            HDL Analysis                               *
=========================================================================
Analyzing top module <Frequence_Meter>.
Module <Frequence_Meter> is correct for synthesis.
 
Analyzing module <Edge_Detector> in library <work>.
Module <Edge_Detector> is correct for synthesis.
 
Analyzing module <frequence_measure> in library <work>.
Module <frequence_measure> is correct for synthesis.
 

=========================================================================
*                           HDL Synthesis                               *
=========================================================================

Performing bidirectional port resolution...

Synthesizing Unit <Edge_Detector>.
    Related source file is "Edge_Detector.v".
    Found 1-bit register for signal <r0>.
    Found 1-bit register for signal <r1>.
    Summary:
	inferred   2 D-type flip-flop(s).
Unit <Edge_Detector> synthesized.


Synthesizing Unit <frequence_measure>.
    Related source file is "frequence_measure.v".
    Found 8-bit register for signal <N>.
    Found 8-bit up counter for signal <counter>.
    Summary:
	inferred   1 Counter(s).
	inferred   8 D-type flip-flop(s).
Unit <frequence_measure> synthesized.


Synthesizing Unit <Frequence_Meter>.
    Related source file is "Frequence_Meter.v".
Unit <Frequence_Meter> synthesized.


=========================================================================
HDL Synthesis Report

Macro Statistics
# Counters                                             : 1
 8-bit up counter                                      : 1
# Registers                                            : 3
 1-bit register                                        : 2
 8-bit register                                        : 1

=========================================================================

=========================================================================
*                       Advanced HDL Synthesis                          *
=========================================================================


=========================================================================
Advanced HDL Synthesis Report

Macro Statistics
# Counters                                             : 1
 8-bit up counter                                      : 1
# Registers                                            : 10
 Flip-Flops                                            : 10

=========================================================================

=========================================================================
*                         Low Level Synthesis                           *
=========================================================================

Optimizing unit <Frequence_Meter> ...

Optimizing unit <frequence_measure> ...

Mapping all equations...
Building and optimizing final netlist ...
Found area constraint ratio of 100 (+ 5) on block Frequence_Meter, actual ratio is 0.

Final Macro Processing ...

=========================================================================
Final Register Report

Macro Statistics
# Registers                                            : 18
 Flip-Flops                                            : 18

=========================================================================

=========================================================================
*                           Partition Report                            *
=========================================================================

Partition Implementation Status
-------------------------------

  No Partitions were found in this design.

-------------------------------

=========================================================================
*                            Final Report                               *
=========================================================================
Final Results
RTL Top Level Output File Name     : Frequence_Meter.ngr
Top Level Output File Name         : Frequence_Meter
Output Format                      : NGC
Optimization Goal                  : Speed
Keep Hierarchy                     : No

Design Statistics
# IOs                              : 11

Cell Usage :
# BELS                             : 26
#      GND                         : 1
#      LUT2                        : 1
#      LUT3                        : 9
#      MUXCY                       : 7
#      XORCY                       : 8
# FlipFlops/Latches                : 18
#      FDE                         : 8
#      FDR                         : 8
#      FDS                         : 2
# Clock Buffers                    : 1
#      BUFGP                       : 1
# IO Buffers                       : 10
#      IBUF                        : 2
#      OBUF                        : 8
=========================================================================

Device utilization summary:
---------------------------

Selected Device : 3s200pq208-5 

 Number of Slices:                       10  out of   1920     0%  
 Number of Slice Flip Flops:             18  out of   3840     0%  
 Number of 4 input LUTs:                 10  out of   3840     0%  
 Number of IOs:                          11
 Number of bonded IOBs:                  11  out of    141     7%  
 Number of GCLKs:                         1  out of      8    12%  

---------------------------
Partition Resource Summary:
---------------------------

  No Partitions were found in this design.

---------------------------


=========================================================================
TIMING REPORT

NOTE: THESE TIMING NUMBERS ARE ONLY A SYNTHESIS ESTIMATE.
      FOR ACCURATE TIMING INFORMATION PLEASE REFER TO THE TRACE REPORT
      GENERATED AFTER PLACE-and-ROUTE.

Clock Information:
------------------
-----------------------------------+------------------------+-------+
Clock Signal                       | Clock buffer(FF name)  | Load  |
-----------------------------------+------------------------+-------+
clk                                | BUFGP                  | 18    |
-----------------------------------+------------------------+-------+

Asynchronous Control Signals Information:
----------------------------------------
No asynchronous control signals found in this design

Timing Summary:
---------------
Speed Grade: -5

   Minimum period: 4.404ns (Maximum Frequency: 227.079MHz)
   Minimum input arrival time before clock: 3.906ns
   Maximum output required time after clock: 6.216ns
   Maximum combinational path delay: No path found

Timing Detail:
--------------
All values displayed in nanoseconds (ns)

=========================================================================
Timing constraint: Default period analysis for Clock 'clk'
  Clock period: 4.404ns (frequency: 227.079MHz)
  Total number of paths / destination ports: 149 / 25
-------------------------------------------------------------------------
Delay:               4.404ns (Levels of Logic = 9)
  Source:            ED_ins/r1 (FF)
  Destination:       FM_ins/counter_7 (FF)
  Source Clock:      clk rising
  Destination Clock: clk rising

  Data Path: ED_ins/r1 to FM_ins/counter_7
                                Gate     Net
    Cell:in->out      fanout   Delay   Delay  Logical Name (Net Name)
    ----------------------------------------  ------------
     FDS:C->Q             11   0.626   1.267  ED_ins/r1 (ED_ins/r1)
     LUT2:I0->O            1   0.479   0.681  FM_ins/iedge_inv1 (FM_ins/iedge_inv)
     MUXCY:CI->O           1   0.056   0.000  FM_ins/Mcount_counter_cy<0> (FM_ins/Mcount_counter_cy<0>)
     MUXCY:CI->O           1   0.056   0.000  FM_ins/Mcount_counter_cy<1> (FM_ins/Mcount_counter_cy<1>)
     MUXCY:CI->O           1   0.056   0.000  FM_ins/Mcount_counter_cy<2> (FM_ins/Mcount_counter_cy<2>)
     MUXCY:CI->O           1   0.056   0.000  FM_ins/Mcount_counter_cy<3> (FM_ins/Mcount_counter_cy<3>)
     MUXCY:CI->O           1   0.056   0.000  FM_ins/Mcount_counter_cy<4> (FM_ins/Mcount_counter_cy<4>)
     MUXCY:CI->O           1   0.056   0.000  FM_ins/Mcount_counter_cy<5> (FM_ins/Mcount_counter_cy<5>)
     MUXCY:CI->O           0   0.056   0.000  FM_ins/Mcount_counter_cy<6> (FM_ins/Mcount_counter_cy<6>)
     XORCY:CI->O           1   0.786   0.000  FM_ins/Mcount_counter_xor<7> (FM_ins/Mcount_counter7)
     FDR:D                     0.176          FM_ins/counter_7
    ----------------------------------------
    Total                      4.404ns (2.456ns logic, 1.948ns route)
                                       (55.8% logic, 44.2% route)

=========================================================================
Timing constraint: Default OFFSET IN BEFORE for Clock 'clk'
  Total number of paths / destination ports: 19 / 19
-------------------------------------------------------------------------
Offset:              3.906ns (Levels of Logic = 2)
  Source:            reset (PAD)
  Destination:       FM_ins/N_7 (FF)
  Destination Clock: clk rising

  Data Path: reset to FM_ins/N_7
                                Gate     Net
    Cell:in->out      fanout   Delay   Delay  Logical Name (Net Name)
    ----------------------------------------  ------------
     IBUF:I->O            11   0.715   1.267  reset_IBUF (reset_IBUF)
     LUT3:I0->O            8   0.479   0.921  FM_ins/N_not00011 (FM_ins/N_not0001)
     FDE:CE                    0.524          FM_ins/N_0
    ----------------------------------------
    Total                      3.906ns (1.718ns logic, 2.188ns route)
                                       (44.0% logic, 56.0% route)

=========================================================================
Timing constraint: Default OFFSET OUT AFTER for Clock 'clk'
  Total number of paths / destination ports: 8 / 8
-------------------------------------------------------------------------
Offset:              6.216ns (Levels of Logic = 1)
  Source:            FM_ins/N_7 (FF)
  Destination:       N<7> (PAD)
  Source Clock:      clk rising

  Data Path: FM_ins/N_7 to N<7>
                                Gate     Net
    Cell:in->out      fanout   Delay   Delay  Logical Name (Net Name)
    ----------------------------------------  ------------
     FDE:C->Q              1   0.626   0.681  FM_ins/N_7 (FM_ins/N_7)
     OBUF:I->O                 4.909          N_7_OBUF (N<7>)
    ----------------------------------------
    Total                      6.216ns (5.535ns logic, 0.681ns route)
                                       (89.0% logic, 11.0% route)

=========================================================================


Total REAL time to Xst completion: 5.00 secs
Total CPU time to Xst completion: 4.73 secs
 
--> 

Total memory usage is 234852 kilobytes

Number of errors   :    0 (   0 filtered)
Number of warnings :    0 (   0 filtered)
Number of infos    :    0 (   0 filtered)

